{"/home/boitenge/Desktop/Solvit_Africa/R2p/src/app.ts": {"path":"/home/boitenge/Desktop/Solvit_Africa/R2p/src/app.ts","statementMap":{"0":{"start":{"line":12,"column":21},"end":{"line":12,"column":30}},"1":{"start":{"line":15,"column":0},"end":{"line":19,"column":4}},"2":{"start":{"line":17,"column":36},"end":{"line":17,"column":63}},"3":{"start":{"line":21,"column":0},"end":{"line":21,"column":41}},"4":{"start":{"line":22,"column":0},"end":{"line":22,"column":63}},"5":{"start":{"line":24,"column":0},"end":{"line":24,"column":35}},"6":{"start":{"line":26,"column":0},"end":{"line":33,"column":3}},"7":{"start":{"line":27,"column":4},"end":{"line":32,"column":7}},"8":{"start":{"line":35,"column":0},"end":{"line":35,"column":35}},"9":{"start":{"line":37,"column":0},"end":{"line":37,"column":25}},"10":{"start":{"line":39,"column":0},"end":{"line":39,"column":22}},"11":{"start":{"line":41,"column":20},"end":{"line":55,"column":1}},"12":{"start":{"line":42,"column":4},"end":{"line":54,"column":5}},"13":{"start":{"line":44,"column":8},"end":{"line":44,"column":32}},"14":{"start":{"line":45,"column":8},"end":{"line":45,"column":55}},"15":{"start":{"line":47,"column":8},"end":{"line":50,"column":11}},"16":{"start":{"line":48,"column":12},"end":{"line":48,"column":65}},"17":{"start":{"line":52,"column":8},"end":{"line":52,"column":55}},"18":{"start":{"line":53,"column":8},"end":{"line":53,"column":24}},"19":{"start":{"line":57,"column":0},"end":{"line":57,"column":14}}},"fnMap":{"0":{"name":"(anonymous_0)","decl":{"start":{"line":17,"column":15},"end":{"line":17,"column":16}},"loc":{"start":{"line":17,"column":36},"end":{"line":17,"column":63}},"line":17},"1":{"name":"(anonymous_1)","decl":{"start":{"line":26,"column":13},"end":{"line":26,"column":14}},"loc":{"start":{"line":26,"column":47},"end":{"line":33,"column":1}},"line":26},"2":{"name":"(anonymous_2)","decl":{"start":{"line":41,"column":20},"end":{"line":41,"column":21}},"loc":{"start":{"line":41,"column":32},"end":{"line":55,"column":1}},"line":41},"3":{"name":"(anonymous_3)","decl":{"start":{"line":47,"column":32},"end":{"line":47,"column":33}},"loc":{"start":{"line":47,"column":38},"end":{"line":50,"column":9}},"line":47}},"branchMap":{},"s":{"0":1,"1":1,"2":1,"3":1,"4":1,"5":1,"6":1,"7":0,"8":1,"9":1,"10":1,"11":1,"12":1,"13":1,"14":0,"15":0,"16":0,"17":0,"18":0,"19":1},"f":{"0":1,"1":0,"2":1,"3":0},"b":{},"_coverageSchema":"1a1c01bbd47fc00a2c39e90264f33305004495a9","hash":"fd77706e760477c112eff4dd682c74f82c50c83b"}
,"/home/boitenge/Desktop/Solvit_Africa/R2p/src/auth/auth.controller.ts": {"path":"/home/boitenge/Desktop/Solvit_Africa/R2p/src/auth/auth.controller.ts","statementMap":{"0":{"start":{"line":10,"column":24},"end":{"line":10,"column":45}},"1":{"start":{"line":11,"column":12},"end":{"line":11,"column":25}},"2":{"start":{"line":12,"column":21},"end":{"line":12,"column":36}},"3":{"start":{"line":15,"column":24},"end":{"line":77,"column":1}},"4":{"start":{"line":16,"column":4},"end":{"line":76,"column":5}},"5":{"start":{"line":17,"column":48},"end":{"line":17,"column":56}},"6":{"start":{"line":19,"column":29},"end":{"line":19,"column":79}},"7":{"start":{"line":20,"column":8},"end":{"line":27,"column":9}},"8":{"start":{"line":21,"column":12},"end":{"line":26,"column":15}},"9":{"start":{"line":29,"column":29},"end":{"line":31,"column":10}},"10":{"start":{"line":33,"column":8},"end":{"line":40,"column":9}},"11":{"start":{"line":34,"column":12},"end":{"line":39,"column":15}},"12":{"start":{"line":43,"column":21},"end":{"line":53,"column":10}},"13":{"start":{"line":55,"column":8},"end":{"line":60,"column":10}},"14":{"start":{"line":62,"column":8},"end":{"line":73,"column":11}},"15":{"start":{"line":75,"column":8},"end":{"line":75,"column":27}},"16":{"start":{"line":79,"column":21},"end":{"line":144,"column":1}},"17":{"start":{"line":80,"column":4},"end":{"line":143,"column":5}},"18":{"start":{"line":81,"column":36},"end":{"line":81,"column":44}},"19":{"start":{"line":83,"column":21},"end":{"line":86,"column":10}},"20":{"start":{"line":88,"column":8},"end":{"line":95,"column":9}},"21":{"start":{"line":89,"column":12},"end":{"line":94,"column":15}},"22":{"start":{"line":97,"column":30},"end":{"line":97,"column":76}},"23":{"start":{"line":99,"column":8},"end":{"line":106,"column":9}},"24":{"start":{"line":100,"column":12},"end":{"line":105,"column":15}},"25":{"start":{"line":108,"column":8},"end":{"line":115,"column":9}},"26":{"start":{"line":109,"column":12},"end":{"line":114,"column":15}},"27":{"start":{"line":117,"column":8},"end":{"line":123,"column":11}},"28":{"start":{"line":125,"column":8},"end":{"line":130,"column":10}},"29":{"start":{"line":132,"column":8},"end":{"line":140,"column":11}},"30":{"start":{"line":142,"column":8},"end":{"line":142,"column":27}},"31":{"start":{"line":146,"column":27},"end":{"line":197,"column":1}},"32":{"start":{"line":147,"column":4},"end":{"line":196,"column":5}},"33":{"start":{"line":148,"column":31},"end":{"line":148,"column":39}},"34":{"start":{"line":150,"column":21},"end":{"line":153,"column":10}},"35":{"start":{"line":155,"column":8},"end":{"line":162,"column":9}},"36":{"start":{"line":156,"column":12},"end":{"line":161,"column":15}},"37":{"start":{"line":164,"column":8},"end":{"line":171,"column":9}},"38":{"start":{"line":165,"column":12},"end":{"line":170,"column":15}},"39":{"start":{"line":173,"column":8},"end":{"line":179,"column":11}},"40":{"start":{"line":181,"column":22},"end":{"line":185,"column":9}},"41":{"start":{"line":187,"column":8},"end":{"line":193,"column":11}},"42":{"start":{"line":195,"column":8},"end":{"line":195,"column":27}},"43":{"start":{"line":199,"column":26},"end":{"line":240,"column":1}},"44":{"start":{"line":200,"column":4},"end":{"line":239,"column":5}},"45":{"start":{"line":201,"column":21},"end":{"line":211,"column":10}},"46":{"start":{"line":213,"column":8},"end":{"line":220,"column":9}},"47":{"start":{"line":214,"column":12},"end":{"line":219,"column":15}},"48":{"start":{"line":228,"column":12},"end":{"line":228,"column":16}},"49":{"start":{"line":230,"column":8},"end":{"line":236,"column":11}},"50":{"start":{"line":238,"column":8},"end":{"line":238,"column":27}},"51":{"start":{"line":242,"column":29},"end":{"line":275,"column":1}},"52":{"start":{"line":243,"column":4},"end":{"line":274,"column":5}},"53":{"start":{"line":244,"column":32},"end":{"line":244,"column":40}},"54":{"start":{"line":246,"column":8},"end":{"line":256,"column":9}},"55":{"start":{"line":247,"column":33},"end":{"line":247,"column":83}},"56":{"start":{"line":248,"column":12},"end":{"line":255,"column":13}},"57":{"start":{"line":249,"column":16},"end":{"line":254,"column":19}},"58":{"start":{"line":258,"column":21},"end":{"line":261,"column":10}},"59":{"start":{"line":263,"column":53},"end":{"line":263,"column":57}},"60":{"start":{"line":265,"column":8},"end":{"line":271,"column":11}},"61":{"start":{"line":273,"column":8},"end":{"line":273,"column":27}},"62":{"start":{"line":277,"column":30},"end":{"line":370,"column":1}},"63":{"start":{"line":278,"column":4},"end":{"line":369,"column":5}},"64":{"start":{"line":279,"column":54},"end":{"line":279,"column":62}},"65":{"start":{"line":281,"column":21},"end":{"line":281,"column":81}},"66":{"start":{"line":283,"column":8},"end":{"line":290,"column":9}},"67":{"start":{"line":284,"column":12},"end":{"line":289,"column":15}},"68":{"start":{"line":292,"column":39},"end":{"line":292,"column":91}},"69":{"start":{"line":293,"column":8},"end":{"line":300,"column":9}},"70":{"start":{"line":294,"column":12},"end":{"line":299,"column":15}},"71":{"start":{"line":302,"column":31},"end":{"line":302,"column":80}},"72":{"start":{"line":303,"column":8},"end":{"line":310,"column":9}},"73":{"start":{"line":304,"column":12},"end":{"line":309,"column":15}},"74":{"start":{"line":312,"column":8},"end":{"line":338,"column":9}},"75":{"start":{"line":313,"column":27},"end":{"line":313,"column":40}},"76":{"start":{"line":314,"column":33},"end":{"line":314,"column":48}},"77":{"start":{"line":316,"column":12},"end":{"line":322,"column":15}},"78":{"start":{"line":324,"column":12},"end":{"line":329,"column":14}},"79":{"start":{"line":331,"column":12},"end":{"line":337,"column":15}},"80":{"start":{"line":340,"column":8},"end":{"line":347,"column":9}},"81":{"start":{"line":341,"column":12},"end":{"line":346,"column":15}},"82":{"start":{"line":349,"column":31},"end":{"line":349,"column":65}},"83":{"start":{"line":351,"column":8},"end":{"line":358,"column":11}},"84":{"start":{"line":360,"column":8},"end":{"line":366,"column":11}},"85":{"start":{"line":368,"column":8},"end":{"line":368,"column":27}},"86":{"start":{"line":372,"column":30},"end":{"line":415,"column":1}},"87":{"start":{"line":373,"column":4},"end":{"line":414,"column":5}},"88":{"start":{"line":374,"column":26},"end":{"line":374,"column":34}},"89":{"start":{"line":376,"column":21},"end":{"line":376,"column":71}},"90":{"start":{"line":378,"column":8},"end":{"line":385,"column":9}},"91":{"start":{"line":379,"column":12},"end":{"line":384,"column":15}},"92":{"start":{"line":387,"column":20},"end":{"line":387,"column":33}},"93":{"start":{"line":388,"column":29},"end":{"line":388,"column":44}},"94":{"start":{"line":390,"column":8},"end":{"line":397,"column":11}},"95":{"start":{"line":399,"column":8},"end":{"line":404,"column":10}},"96":{"start":{"line":406,"column":8},"end":{"line":411,"column":11}},"97":{"start":{"line":413,"column":8},"end":{"line":413,"column":27}},"98":{"start":{"line":417,"column":30},"end":{"line":455,"column":1}},"99":{"start":{"line":418,"column":4},"end":{"line":454,"column":5}},"100":{"start":{"line":419,"column":31},"end":{"line":419,"column":39}},"101":{"start":{"line":421,"column":21},"end":{"line":421,"column":71}},"102":{"start":{"line":423,"column":8},"end":{"line":430,"column":9}},"103":{"start":{"line":424,"column":12},"end":{"line":429,"column":15}},"104":{"start":{"line":432,"column":8},"end":{"line":439,"column":9}},"105":{"start":{"line":433,"column":12},"end":{"line":438,"column":15}},"106":{"start":{"line":441,"column":8},"end":{"line":444,"column":11}},"107":{"start":{"line":446,"column":8},"end":{"line":451,"column":11}},"108":{"start":{"line":453,"column":8},"end":{"line":453,"column":27}},"109":{"start":{"line":457,"column":29},"end":{"line":520,"column":1}},"110":{"start":{"line":458,"column":4},"end":{"line":519,"column":5}},"111":{"start":{"line":459,"column":39},"end":{"line":459,"column":47}},"112":{"start":{"line":461,"column":21},"end":{"line":461,"column":71}},"113":{"start":{"line":463,"column":8},"end":{"line":470,"column":9}},"114":{"start":{"line":464,"column":12},"end":{"line":469,"column":15}},"115":{"start":{"line":472,"column":8},"end":{"line":479,"column":9}},"116":{"start":{"line":473,"column":12},"end":{"line":478,"column":15}},"117":{"start":{"line":481,"column":8},"end":{"line":488,"column":9}},"118":{"start":{"line":482,"column":12},"end":{"line":487,"column":15}},"119":{"start":{"line":490,"column":31},"end":{"line":490,"column":79}},"120":{"start":{"line":491,"column":8},"end":{"line":498,"column":9}},"121":{"start":{"line":492,"column":12},"end":{"line":497,"column":15}},"122":{"start":{"line":500,"column":8},"end":{"line":508,"column":11}},"123":{"start":{"line":510,"column":8},"end":{"line":516,"column":11}},"124":{"start":{"line":518,"column":8},"end":{"line":518,"column":27}}},"fnMap":{"0":{"name":"(anonymous_0)","decl":{"start":{"line":15,"column":24},"end":{"line":15,"column":25}},"loc":{"start":{"line":15,"column":83},"end":{"line":77,"column":1}},"line":15},"1":{"name":"(anonymous_1)","decl":{"start":{"line":79,"column":21},"end":{"line":79,"column":22}},"loc":{"start":{"line":79,"column":80},"end":{"line":144,"column":1}},"line":79},"2":{"name":"(anonymous_2)","decl":{"start":{"line":146,"column":27},"end":{"line":146,"column":28}},"loc":{"start":{"line":146,"column":86},"end":{"line":197,"column":1}},"line":146},"3":{"name":"(anonymous_3)","decl":{"start":{"line":199,"column":26},"end":{"line":199,"column":27}},"loc":{"start":{"line":199,"column":85},"end":{"line":240,"column":1}},"line":199},"4":{"name":"(anonymous_4)","decl":{"start":{"line":242,"column":29},"end":{"line":242,"column":30}},"loc":{"start":{"line":242,"column":88},"end":{"line":275,"column":1}},"line":242},"5":{"name":"(anonymous_5)","decl":{"start":{"line":277,"column":30},"end":{"line":277,"column":31}},"loc":{"start":{"line":277,"column":89},"end":{"line":370,"column":1}},"line":277},"6":{"name":"(anonymous_6)","decl":{"start":{"line":372,"column":30},"end":{"line":372,"column":31}},"loc":{"start":{"line":372,"column":89},"end":{"line":415,"column":1}},"line":372},"7":{"name":"(anonymous_7)","decl":{"start":{"line":417,"column":30},"end":{"line":417,"column":31}},"loc":{"start":{"line":417,"column":89},"end":{"line":455,"column":1}},"line":417},"8":{"name":"(anonymous_8)","decl":{"start":{"line":457,"column":29},"end":{"line":457,"column":30}},"loc":{"start":{"line":457,"column":88},"end":{"line":520,"column":1}},"line":457}},"branchMap":{"0":{"loc":{"start":{"line":20,"column":8},"end":{"line":27,"column":9}},"type":"if","locations":[{"start":{"line":20,"column":8},"end":{"line":27,"column":9}},{"start":{},"end":{}}],"line":20},"1":{"loc":{"start":{"line":33,"column":8},"end":{"line":40,"column":9}},"type":"if","locations":[{"start":{"line":33,"column":8},"end":{"line":40,"column":9}},{"start":{},"end":{}}],"line":33},"2":{"loc":{"start":{"line":48,"column":22},"end":{"line":48,"column":40}},"type":"binary-expr","locations":[{"start":{"line":48,"column":22},"end":{"line":48,"column":26}},{"start":{"line":48,"column":30},"end":{"line":48,"column":40}}],"line":48},"3":{"loc":{"start":{"line":88,"column":8},"end":{"line":95,"column":9}},"type":"if","locations":[{"start":{"line":88,"column":8},"end":{"line":95,"column":9}},{"start":{},"end":{}}],"line":88},"4":{"loc":{"start":{"line":99,"column":8},"end":{"line":106,"column":9}},"type":"if","locations":[{"start":{"line":99,"column":8},"end":{"line":106,"column":9}},{"start":{},"end":{}}],"line":99},"5":{"loc":{"start":{"line":108,"column":8},"end":{"line":115,"column":9}},"type":"if","locations":[{"start":{"line":108,"column":8},"end":{"line":115,"column":9}},{"start":{},"end":{}}],"line":108},"6":{"loc":{"start":{"line":155,"column":8},"end":{"line":162,"column":9}},"type":"if","locations":[{"start":{"line":155,"column":8},"end":{"line":162,"column":9}},{"start":{},"end":{}}],"line":155},"7":{"loc":{"start":{"line":164,"column":8},"end":{"line":171,"column":9}},"type":"if","locations":[{"start":{"line":164,"column":8},"end":{"line":171,"column":9}},{"start":{},"end":{}}],"line":164},"8":{"loc":{"start":{"line":164,"column":12},"end":{"line":164,"column":88}},"type":"binary-expr","locations":[{"start":{"line":164,"column":12},"end":{"line":164,"column":32}},{"start":{"line":164,"column":36},"end":{"line":164,"column":54}},{"start":{"line":164,"column":58},"end":{"line":164,"column":88}}],"line":164},"9":{"loc":{"start":{"line":213,"column":8},"end":{"line":220,"column":9}},"type":"if","locations":[{"start":{"line":213,"column":8},"end":{"line":220,"column":9}},{"start":{},"end":{}}],"line":213},"10":{"loc":{"start":{"line":246,"column":8},"end":{"line":256,"column":9}},"type":"if","locations":[{"start":{"line":246,"column":8},"end":{"line":256,"column":9}},{"start":{},"end":{}}],"line":246},"11":{"loc":{"start":{"line":246,"column":12},"end":{"line":246,"column":45}},"type":"binary-expr","locations":[{"start":{"line":246,"column":12},"end":{"line":246,"column":17}},{"start":{"line":246,"column":21},"end":{"line":246,"column":45}}],"line":246},"12":{"loc":{"start":{"line":248,"column":12},"end":{"line":255,"column":13}},"type":"if","locations":[{"start":{"line":248,"column":12},"end":{"line":255,"column":13}},{"start":{},"end":{}}],"line":248},"13":{"loc":{"start":{"line":283,"column":8},"end":{"line":290,"column":9}},"type":"if","locations":[{"start":{"line":283,"column":8},"end":{"line":290,"column":9}},{"start":{},"end":{}}],"line":283},"14":{"loc":{"start":{"line":293,"column":8},"end":{"line":300,"column":9}},"type":"if","locations":[{"start":{"line":293,"column":8},"end":{"line":300,"column":9}},{"start":{},"end":{}}],"line":293},"15":{"loc":{"start":{"line":303,"column":8},"end":{"line":310,"column":9}},"type":"if","locations":[{"start":{"line":303,"column":8},"end":{"line":310,"column":9}},{"start":{},"end":{}}],"line":303},"16":{"loc":{"start":{"line":312,"column":8},"end":{"line":338,"column":9}},"type":"if","locations":[{"start":{"line":312,"column":8},"end":{"line":338,"column":9}},{"start":{},"end":{}}],"line":312},"17":{"loc":{"start":{"line":340,"column":8},"end":{"line":347,"column":9}},"type":"if","locations":[{"start":{"line":340,"column":8},"end":{"line":347,"column":9}},{"start":{},"end":{}}],"line":340},"18":{"loc":{"start":{"line":340,"column":12},"end":{"line":340,"column":88}},"type":"binary-expr","locations":[{"start":{"line":340,"column":12},"end":{"line":340,"column":32}},{"start":{"line":340,"column":36},"end":{"line":340,"column":54}},{"start":{"line":340,"column":58},"end":{"line":340,"column":88}}],"line":340},"19":{"loc":{"start":{"line":378,"column":8},"end":{"line":385,"column":9}},"type":"if","locations":[{"start":{"line":378,"column":8},"end":{"line":385,"column":9}},{"start":{},"end":{}}],"line":378},"20":{"loc":{"start":{"line":423,"column":8},"end":{"line":430,"column":9}},"type":"if","locations":[{"start":{"line":423,"column":8},"end":{"line":430,"column":9}},{"start":{},"end":{}}],"line":423},"21":{"loc":{"start":{"line":432,"column":8},"end":{"line":439,"column":9}},"type":"if","locations":[{"start":{"line":432,"column":8},"end":{"line":439,"column":9}},{"start":{},"end":{}}],"line":432},"22":{"loc":{"start":{"line":432,"column":12},"end":{"line":432,"column":88}},"type":"binary-expr","locations":[{"start":{"line":432,"column":12},"end":{"line":432,"column":32}},{"start":{"line":432,"column":36},"end":{"line":432,"column":54}},{"start":{"line":432,"column":58},"end":{"line":432,"column":88}}],"line":432},"23":{"loc":{"start":{"line":463,"column":8},"end":{"line":470,"column":9}},"type":"if","locations":[{"start":{"line":463,"column":8},"end":{"line":470,"column":9}},{"start":{},"end":{}}],"line":463},"24":{"loc":{"start":{"line":472,"column":8},"end":{"line":479,"column":9}},"type":"if","locations":[{"start":{"line":472,"column":8},"end":{"line":479,"column":9}},{"start":{},"end":{}}],"line":472},"25":{"loc":{"start":{"line":481,"column":8},"end":{"line":488,"column":9}},"type":"if","locations":[{"start":{"line":481,"column":8},"end":{"line":488,"column":9}},{"start":{},"end":{}}],"line":481},"26":{"loc":{"start":{"line":481,"column":12},"end":{"line":481,"column":64}},"type":"binary-expr","locations":[{"start":{"line":481,"column":12},"end":{"line":481,"column":30}},{"start":{"line":481,"column":34},"end":{"line":481,"column":64}}],"line":481},"27":{"loc":{"start":{"line":491,"column":8},"end":{"line":498,"column":9}},"type":"if","locations":[{"start":{"line":491,"column":8},"end":{"line":498,"column":9}},{"start":{},"end":{}}],"line":491}},"s":{"0":1,"1":1,"2":1,"3":1,"4":0,"5":0,"6":0,"7":0,"8":0,"9":0,"10":0,"11":0,"12":0,"13":0,"14":0,"15":0,"16":1,"17":0,"18":0,"19":0,"20":0,"21":0,"22":0,"23":0,"24":0,"25":0,"26":0,"27":0,"28":0,"29":0,"30":0,"31":1,"32":0,"33":0,"34":0,"35":0,"36":0,"37":0,"38":0,"39":0,"40":0,"41":0,"42":0,"43":1,"44":0,"45":0,"46":0,"47":0,"48":0,"49":0,"50":0,"51":1,"52":0,"53":0,"54":0,"55":0,"56":0,"57":0,"58":0,"59":0,"60":0,"61":0,"62":1,"63":0,"64":0,"65":0,"66":0,"67":0,"68":0,"69":0,"70":0,"71":0,"72":0,"73":0,"74":0,"75":0,"76":0,"77":0,"78":0,"79":0,"80":0,"81":0,"82":0,"83":0,"84":0,"85":0,"86":1,"87":0,"88":0,"89":0,"90":0,"91":0,"92":0,"93":0,"94":0,"95":0,"96":0,"97":0,"98":1,"99":0,"100":0,"101":0,"102":0,"103":0,"104":0,"105":0,"106":0,"107":0,"108":0,"109":1,"110":0,"111":0,"112":0,"113":0,"114":0,"115":0,"116":0,"117":0,"118":0,"119":0,"120":0,"121":0,"122":0,"123":0,"124":0},"f":{"0":0,"1":0,"2":0,"3":0,"4":0,"5":0,"6":0,"7":0,"8":0},"b":{"0":[0,0],"1":[0,0],"2":[0,0],"3":[0,0],"4":[0,0],"5":[0,0],"6":[0,0],"7":[0,0],"8":[0,0,0],"9":[0,0],"10":[0,0],"11":[0,0],"12":[0,0],"13":[0,0],"14":[0,0],"15":[0,0],"16":[0,0],"17":[0,0],"18":[0,0,0],"19":[0,0],"20":[0,0],"21":[0,0],"22":[0,0,0],"23":[0,0],"24":[0,0],"25":[0,0],"26":[0,0],"27":[0,0]},"_coverageSchema":"1a1c01bbd47fc00a2c39e90264f33305004495a9","hash":"f97f7015faf282f444c4cfd09167f33c3e8bdc8b"}
,"/home/boitenge/Desktop/Solvit_Africa/R2p/src/auth/auth.middleware.ts": {"path":"/home/boitenge/Desktop/Solvit_Africa/R2p/src/auth/auth.middleware.ts","statementMap":{"0":{"start":{"line":6,"column":28},"end":{"line":109,"column":1}},"1":{"start":{"line":11,"column":4},"end":{"line":108,"column":5}},"2":{"start":{"line":12,"column":27},"end":{"line":12,"column":52}},"3":{"start":{"line":14,"column":8},"end":{"line":20,"column":9}},"4":{"start":{"line":15,"column":12},"end":{"line":18,"column":15}},"5":{"start":{"line":19,"column":12},"end":{"line":19,"column":19}},"6":{"start":{"line":21,"column":22},"end":{"line":21,"column":46}},"7":{"start":{"line":22,"column":24},"end":{"line":22,"column":42}},"8":{"start":{"line":23,"column":21},"end":{"line":37,"column":10}},"9":{"start":{"line":38,"column":8},"end":{"line":44,"column":9}},"10":{"start":{"line":39,"column":12},"end":{"line":42,"column":15}},"11":{"start":{"line":43,"column":12},"end":{"line":43,"column":19}},"12":{"start":{"line":46,"column":8},"end":{"line":52,"column":9}},"13":{"start":{"line":47,"column":12},"end":{"line":50,"column":15}},"14":{"start":{"line":51,"column":12},"end":{"line":51,"column":19}},"15":{"start":{"line":53,"column":8},"end":{"line":60,"column":9}},"16":{"start":{"line":54,"column":38},"end":{"line":54,"column":105}},"17":{"start":{"line":55,"column":12},"end":{"line":58,"column":15}},"18":{"start":{"line":59,"column":12},"end":{"line":59,"column":19}},"19":{"start":{"line":62,"column":8},"end":{"line":68,"column":9}},"20":{"start":{"line":63,"column":12},"end":{"line":66,"column":15}},"21":{"start":{"line":67,"column":12},"end":{"line":67,"column":19}},"22":{"start":{"line":71,"column":8},"end":{"line":71,"column":24}},"23":{"start":{"line":73,"column":8},"end":{"line":73,"column":15}},"24":{"start":{"line":76,"column":8},"end":{"line":83,"column":9}},"25":{"start":{"line":77,"column":12},"end":{"line":81,"column":15}},"26":{"start":{"line":82,"column":12},"end":{"line":82,"column":19}},"27":{"start":{"line":85,"column":8},"end":{"line":92,"column":9}},"28":{"start":{"line":86,"column":12},"end":{"line":90,"column":15}},"29":{"start":{"line":91,"column":12},"end":{"line":91,"column":19}},"30":{"start":{"line":94,"column":8},"end":{"line":101,"column":9}},"31":{"start":{"line":95,"column":12},"end":{"line":99,"column":15}},"32":{"start":{"line":100,"column":12},"end":{"line":100,"column":19}},"33":{"start":{"line":103,"column":8},"end":{"line":107,"column":11}}},"fnMap":{"0":{"name":"(anonymous_0)","decl":{"start":{"line":6,"column":28},"end":{"line":6,"column":29}},"loc":{"start":{"line":10,"column":20},"end":{"line":109,"column":1}},"line":10}},"branchMap":{"0":{"loc":{"start":{"line":14,"column":8},"end":{"line":20,"column":9}},"type":"if","locations":[{"start":{"line":14,"column":8},"end":{"line":20,"column":9}},{"start":{},"end":{}}],"line":14},"1":{"loc":{"start":{"line":14,"column":12},"end":{"line":14,"column":60}},"type":"binary-expr","locations":[{"start":{"line":14,"column":12},"end":{"line":14,"column":23}},{"start":{"line":14,"column":27},"end":{"line":14,"column":60}}],"line":14},"2":{"loc":{"start":{"line":38,"column":8},"end":{"line":44,"column":9}},"type":"if","locations":[{"start":{"line":38,"column":8},"end":{"line":44,"column":9}},{"start":{},"end":{}}],"line":38},"3":{"loc":{"start":{"line":46,"column":8},"end":{"line":52,"column":9}},"type":"if","locations":[{"start":{"line":46,"column":8},"end":{"line":52,"column":9}},{"start":{},"end":{}}],"line":46},"4":{"loc":{"start":{"line":53,"column":8},"end":{"line":60,"column":9}},"type":"if","locations":[{"start":{"line":53,"column":8},"end":{"line":60,"column":9}},{"start":{},"end":{}}],"line":53},"5":{"loc":{"start":{"line":53,"column":12},"end":{"line":53,"column":75}},"type":"binary-expr","locations":[{"start":{"line":53,"column":12},"end":{"line":53,"column":35}},{"start":{"line":53,"column":39},"end":{"line":53,"column":75}}],"line":53},"6":{"loc":{"start":{"line":62,"column":8},"end":{"line":68,"column":9}},"type":"if","locations":[{"start":{"line":62,"column":8},"end":{"line":68,"column":9}},{"start":{},"end":{}}],"line":62},"7":{"loc":{"start":{"line":76,"column":8},"end":{"line":83,"column":9}},"type":"if","locations":[{"start":{"line":76,"column":8},"end":{"line":83,"column":9}},{"start":{},"end":{}}],"line":76},"8":{"loc":{"start":{"line":85,"column":8},"end":{"line":92,"column":9}},"type":"if","locations":[{"start":{"line":85,"column":8},"end":{"line":92,"column":9}},{"start":{},"end":{}}],"line":85},"9":{"loc":{"start":{"line":94,"column":8},"end":{"line":101,"column":9}},"type":"if","locations":[{"start":{"line":94,"column":8},"end":{"line":101,"column":9}},{"start":{},"end":{}}],"line":94}},"s":{"0":1,"1":0,"2":0,"3":0,"4":0,"5":0,"6":0,"7":0,"8":0,"9":0,"10":0,"11":0,"12":0,"13":0,"14":0,"15":0,"16":0,"17":0,"18":0,"19":0,"20":0,"21":0,"22":0,"23":0,"24":0,"25":0,"26":0,"27":0,"28":0,"29":0,"30":0,"31":0,"32":0,"33":0},"f":{"0":0},"b":{"0":[0,0],"1":[0,0],"2":[0,0],"3":[0,0],"4":[0,0],"5":[0,0],"6":[0,0],"7":[0,0],"8":[0,0],"9":[0,0]},"_coverageSchema":"1a1c01bbd47fc00a2c39e90264f33305004495a9","hash":"842b62fedf69846b3fb4a0e15e61d5fcb7d70a97"}
,"/home/boitenge/Desktop/Solvit_Africa/R2p/src/auth/auth.routes.ts": {"path":"/home/boitenge/Desktop/Solvit_Africa/R2p/src/auth/auth.routes.ts","statementMap":{"0":{"start":{"line":18,"column":15},"end":{"line":18,"column":23}},"1":{"start":{"line":20,"column":0},"end":{"line":20,"column":76}},"2":{"start":{"line":21,"column":0},"end":{"line":21,"column":65}},"3":{"start":{"line":22,"column":0},"end":{"line":22,"column":55}},"4":{"start":{"line":23,"column":0},"end":{"line":23,"column":61}},"5":{"start":{"line":24,"column":0},"end":{"line":24,"column":99}},"6":{"start":{"line":25,"column":0},"end":{"line":25,"column":62}},"7":{"start":{"line":26,"column":0},"end":{"line":26,"column":49}},"8":{"start":{"line":27,"column":0},"end":{"line":27,"column":52}},"9":{"start":{"line":28,"column":0},"end":{"line":28,"column":108}}},"fnMap":{},"branchMap":{},"s":{"0":1,"1":1,"2":1,"3":1,"4":1,"5":1,"6":1,"7":1,"8":1,"9":1},"f":{},"b":{},"_coverageSchema":"1a1c01bbd47fc00a2c39e90264f33305004495a9","hash":"3802bb73b3ec2a6b997b9ea746ef4592f9738a19"}
,"/home/boitenge/Desktop/Solvit_Africa/R2p/src/auth/authorize.middleware.ts": {"path":"/home/boitenge/Desktop/Solvit_Africa/R2p/src/auth/authorize.middleware.ts","statementMap":{"0":{"start":{"line":3,"column":25},"end":{"line":15,"column":1}},"1":{"start":{"line":4,"column":4},"end":{"line":14,"column":6}},"2":{"start":{"line":5,"column":8},"end":{"line":11,"column":9}},"3":{"start":{"line":6,"column":12},"end":{"line":9,"column":15}},"4":{"start":{"line":10,"column":12},"end":{"line":10,"column":19}},"5":{"start":{"line":13,"column":8},"end":{"line":13,"column":15}}},"fnMap":{"0":{"name":"(anonymous_0)","decl":{"start":{"line":3,"column":25},"end":{"line":3,"column":26}},"loc":{"start":{"line":3,"column":56},"end":{"line":15,"column":1}},"line":3},"1":{"name":"(anonymous_1)","decl":{"start":{"line":4,"column":11},"end":{"line":4,"column":12}},"loc":{"start":{"line":4,"column":70},"end":{"line":14,"column":5}},"line":4}},"branchMap":{"0":{"loc":{"start":{"line":5,"column":8},"end":{"line":11,"column":9}},"type":"if","locations":[{"start":{"line":5,"column":8},"end":{"line":11,"column":9}},{"start":{},"end":{}}],"line":5},"1":{"loc":{"start":{"line":5,"column":12},"end":{"line":5,"column":62}},"type":"binary-expr","locations":[{"start":{"line":5,"column":12},"end":{"line":5,"column":21}},{"start":{"line":5,"column":25},"end":{"line":5,"column":62}}],"line":5}},"s":{"0":1,"1":17,"2":0,"3":0,"4":0,"5":0},"f":{"0":17,"1":0},"b":{"0":[0,0],"1":[0,0]},"_coverageSchema":"1a1c01bbd47fc00a2c39e90264f33305004495a9","hash":"79a88e00590bb3254c020d42a4e4aa5a5aef0152"}
,"/home/boitenge/Desktop/Solvit_Africa/R2p/src/config/database.config.ts": {"path":"/home/boitenge/Desktop/Solvit_Africa/R2p/src/config/database.config.ts","statementMap":{"0":{"start":{"line":2,"column":0},"end":{"line":2,"column":16}},"1":{"start":{"line":4,"column":23},"end":{"line":34,"column":1}},"2":{"start":{"line":5,"column":16},"end":{"line":5,"column":53}},"3":{"start":{"line":9,"column":4},"end":{"line":20,"column":5}},"4":{"start":{"line":11,"column":12},"end":{"line":11,"column":44}},"5":{"start":{"line":12,"column":12},"end":{"line":12,"column":18}},"6":{"start":{"line":14,"column":12},"end":{"line":14,"column":44}},"7":{"start":{"line":15,"column":12},"end":{"line":15,"column":18}},"8":{"start":{"line":18,"column":12},"end":{"line":18,"column":43}},"9":{"start":{"line":19,"column":12},"end":{"line":19,"column":18}},"10":{"start":{"line":23,"column":4},"end":{"line":25,"column":5}},"11":{"start":{"line":24,"column":8},"end":{"line":24,"column":41}},"12":{"start":{"line":27,"column":4},"end":{"line":31,"column":5}},"13":{"start":{"line":28,"column":8},"end":{"line":30,"column":10}},"14":{"start":{"line":33,"column":4},"end":{"line":33,"column":17}},"15":{"start":{"line":36,"column":22},"end":{"line":48,"column":1}}},"fnMap":{"0":{"name":"(anonymous_0)","decl":{"start":{"line":4,"column":23},"end":{"line":4,"column":24}},"loc":{"start":{"line":4,"column":37},"end":{"line":34,"column":1}},"line":4}},"branchMap":{"0":{"loc":{"start":{"line":5,"column":16},"end":{"line":5,"column":53}},"type":"binary-expr","locations":[{"start":{"line":5,"column":16},"end":{"line":5,"column":36}},{"start":{"line":5,"column":40},"end":{"line":5,"column":53}}],"line":5},"1":{"loc":{"start":{"line":9,"column":4},"end":{"line":20,"column":5}},"type":"switch","locations":[{"start":{"line":10,"column":8},"end":{"line":12,"column":18}},{"start":{"line":13,"column":8},"end":{"line":15,"column":18}},{"start":{"line":16,"column":8},"end":{"line":16,"column":27}},{"start":{"line":17,"column":8},"end":{"line":19,"column":18}}],"line":9},"2":{"loc":{"start":{"line":23,"column":4},"end":{"line":25,"column":5}},"type":"if","locations":[{"start":{"line":23,"column":4},"end":{"line":25,"column":5}},{"start":{},"end":{}}],"line":23},"3":{"loc":{"start":{"line":27,"column":4},"end":{"line":31,"column":5}},"type":"if","locations":[{"start":{"line":27,"column":4},"end":{"line":31,"column":5}},{"start":{},"end":{}}],"line":27},"4":{"loc":{"start":{"line":37,"column":19},"end":{"line":37,"column":45}},"type":"binary-expr","locations":[{"start":{"line":37,"column":19},"end":{"line":37,"column":35}},{"start":{"line":37,"column":39},"end":{"line":37,"column":45}}],"line":37},"5":{"loc":{"start":{"line":38,"column":12},"end":{"line":38,"column":69}},"type":"binary-expr","locations":[{"start":{"line":38,"column":12},"end":{"line":38,"column":30}},{"start":{"line":38,"column":34},"end":{"line":38,"column":56}},{"start":{"line":38,"column":60},"end":{"line":38,"column":69}}],"line":38},"6":{"loc":{"start":{"line":39,"column":13},"end":{"line":39,"column":50}},"type":"binary-expr","locations":[{"start":{"line":39,"column":13},"end":{"line":39,"column":33}},{"start":{"line":39,"column":37},"end":{"line":39,"column":50}}],"line":39},"7":{"loc":{"start":{"line":40,"column":15},"end":{"line":40,"column":43}},"type":"binary-expr","locations":[{"start":{"line":40,"column":15},"end":{"line":40,"column":37}},{"start":{"line":40,"column":41},"end":{"line":40,"column":43}}],"line":40},"8":{"loc":{"start":{"line":41,"column":18},"end":{"line":41,"column":53}},"type":"binary-expr","locations":[{"start":{"line":41,"column":18},"end":{"line":41,"column":44}},{"start":{"line":41,"column":48},"end":{"line":41,"column":53}}],"line":41},"9":{"loc":{"start":{"line":42,"column":16},"end":{"line":42,"column":46}},"type":"binary-expr","locations":[{"start":{"line":42,"column":16},"end":{"line":42,"column":39}},{"start":{"line":42,"column":43},"end":{"line":42,"column":46}}],"line":42}},"s":{"0":2,"1":2,"2":2,"3":2,"4":0,"5":0,"6":2,"7":2,"8":0,"9":0,"10":2,"11":0,"12":2,"13":0,"14":2,"15":2},"f":{"0":2},"b":{"0":[2,0],"1":[0,2,0,0],"2":[0,2],"3":[0,2],"4":[2,0],"5":[2,0,0],"6":[2,0],"7":[2,0],"8":[2,0],"9":[2,2]},"_coverageSchema":"1a1c01bbd47fc00a2c39e90264f33305004495a9","hash":"14f957666ae8eb1e562355667338f372d3a63fdb"}
,"/home/boitenge/Desktop/Solvit_Africa/R2p/src/config/index.ts": {"path":"/home/boitenge/Desktop/Solvit_Africa/R2p/src/config/index.ts","statementMap":{},"fnMap":{},"branchMap":{},"s":{},"f":{},"b":{},"_coverageSchema":"1a1c01bbd47fc00a2c39e90264f33305004495a9","hash":"d0834ed8f111e2300ab64c62837f49735958d226"}
,"/home/boitenge/Desktop/Solvit_Africa/R2p/src/controllers/approval.controller.ts": {"path":"/home/boitenge/Desktop/Solvit_Africa/R2p/src/controllers/approval.controller.ts","statementMap":{"0":{"start":{"line":8,"column":30},"end":{"line":66,"column":1}},"1":{"start":{"line":9,"column":4},"end":{"line":65,"column":5}},"2":{"start":{"line":10,"column":30},"end":{"line":10,"column":40}},"3":{"start":{"line":11,"column":28},"end":{"line":11,"column":36}},"4":{"start":{"line":13,"column":24},"end":{"line":13,"column":70}},"5":{"start":{"line":15,"column":8},"end":{"line":21,"column":9}},"6":{"start":{"line":16,"column":12},"end":{"line":19,"column":15}},"7":{"start":{"line":20,"column":12},"end":{"line":20,"column":19}},"8":{"start":{"line":23,"column":39},"end":{"line":23,"column":47}},"9":{"start":{"line":25,"column":32},"end":{"line":25,"column":103}},"10":{"start":{"line":27,"column":8},"end":{"line":33,"column":9}},"11":{"start":{"line":28,"column":12},"end":{"line":31,"column":15}},"12":{"start":{"line":32,"column":12},"end":{"line":32,"column":19}},"13":{"start":{"line":35,"column":23},"end":{"line":40,"column":9}},"14":{"start":{"line":43,"column":8},"end":{"line":53,"column":9}},"15":{"start":{"line":44,"column":28},"end":{"line":44,"column":73}},"16":{"start":{"line":45,"column":25},"end":{"line":45,"column":176}},"17":{"start":{"line":46,"column":25},"end":{"line":51,"column":13}},"18":{"start":{"line":52,"column":12},"end":{"line":52,"column":136}},"19":{"start":{"line":52,"column":91},"end":{"line":52,"column":134}},"20":{"start":{"line":55,"column":8},"end":{"line":62,"column":11}},"21":{"start":{"line":64,"column":8},"end":{"line":64,"column":20}},"22":{"start":{"line":68,"column":29},"end":{"line":125,"column":1}},"23":{"start":{"line":69,"column":4},"end":{"line":124,"column":5}},"24":{"start":{"line":70,"column":30},"end":{"line":70,"column":40}},"25":{"start":{"line":71,"column":28},"end":{"line":71,"column":36}},"26":{"start":{"line":73,"column":24},"end":{"line":73,"column":70}},"27":{"start":{"line":75,"column":8},"end":{"line":81,"column":9}},"28":{"start":{"line":76,"column":12},"end":{"line":79,"column":15}},"29":{"start":{"line":80,"column":12},"end":{"line":80,"column":19}},"30":{"start":{"line":83,"column":39},"end":{"line":83,"column":47}},"31":{"start":{"line":85,"column":32},"end":{"line":85,"column":104}},"32":{"start":{"line":87,"column":8},"end":{"line":93,"column":9}},"33":{"start":{"line":88,"column":12},"end":{"line":91,"column":15}},"34":{"start":{"line":92,"column":12},"end":{"line":92,"column":19}},"35":{"start":{"line":95,"column":23},"end":{"line":99,"column":9}},"36":{"start":{"line":102,"column":8},"end":{"line":112,"column":9}},"37":{"start":{"line":103,"column":28},"end":{"line":103,"column":73}},"38":{"start":{"line":104,"column":25},"end":{"line":104,"column":145}},"39":{"start":{"line":105,"column":25},"end":{"line":110,"column":13}},"40":{"start":{"line":111,"column":12},"end":{"line":111,"column":136}},"41":{"start":{"line":111,"column":91},"end":{"line":111,"column":134}},"42":{"start":{"line":114,"column":8},"end":{"line":121,"column":11}},"43":{"start":{"line":123,"column":8},"end":{"line":123,"column":20}},"44":{"start":{"line":127,"column":34},"end":{"line":161,"column":1}},"45":{"start":{"line":128,"column":4},"end":{"line":160,"column":5}},"46":{"start":{"line":129,"column":30},"end":{"line":129,"column":40}},"47":{"start":{"line":130,"column":44},"end":{"line":130,"column":74}},"48":{"start":{"line":132,"column":24},"end":{"line":132,"column":70}},"49":{"start":{"line":133,"column":8},"end":{"line":139,"column":9}},"50":{"start":{"line":134,"column":12},"end":{"line":137,"column":15}},"51":{"start":{"line":138,"column":12},"end":{"line":138,"column":19}},"52":{"start":{"line":141,"column":37},"end":{"line":144,"column":9}},"53":{"start":{"line":146,"column":34},"end":{"line":151,"column":9}},"54":{"start":{"line":153,"column":8},"end":{"line":157,"column":11}},"55":{"start":{"line":159,"column":8},"end":{"line":159,"column":20}},"56":{"start":{"line":163,"column":35},"end":{"line":189,"column":1}},"57":{"start":{"line":164,"column":4},"end":{"line":188,"column":5}},"58":{"start":{"line":165,"column":39},"end":{"line":165,"column":47}},"59":{"start":{"line":166,"column":44},"end":{"line":166,"column":74}},"60":{"start":{"line":168,"column":36},"end":{"line":172,"column":9}},"61":{"start":{"line":174,"column":34},"end":{"line":179,"column":9}},"62":{"start":{"line":181,"column":8},"end":{"line":185,"column":11}},"63":{"start":{"line":187,"column":8},"end":{"line":187,"column":20}}},"fnMap":{"0":{"name":"(anonymous_0)","decl":{"start":{"line":8,"column":30},"end":{"line":8,"column":31}},"loc":{"start":{"line":8,"column":104},"end":{"line":66,"column":1}},"line":8},"1":{"name":"(anonymous_1)","decl":{"start":{"line":52,"column":84},"end":{"line":52,"column":85}},"loc":{"start":{"line":52,"column":91},"end":{"line":52,"column":134}},"line":52},"2":{"name":"(anonymous_2)","decl":{"start":{"line":68,"column":29},"end":{"line":68,"column":30}},"loc":{"start":{"line":68,"column":103},"end":{"line":125,"column":1}},"line":68},"3":{"name":"(anonymous_3)","decl":{"start":{"line":111,"column":84},"end":{"line":111,"column":85}},"loc":{"start":{"line":111,"column":91},"end":{"line":111,"column":134}},"line":111},"4":{"name":"(anonymous_4)","decl":{"start":{"line":127,"column":34},"end":{"line":127,"column":35}},"loc":{"start":{"line":127,"column":108},"end":{"line":161,"column":1}},"line":127},"5":{"name":"(anonymous_5)","decl":{"start":{"line":163,"column":35},"end":{"line":163,"column":36}},"loc":{"start":{"line":163,"column":109},"end":{"line":189,"column":1}},"line":163}},"branchMap":{"0":{"loc":{"start":{"line":15,"column":8},"end":{"line":21,"column":9}},"type":"if","locations":[{"start":{"line":15,"column":8},"end":{"line":21,"column":9}},{"start":{},"end":{}}],"line":15},"1":{"loc":{"start":{"line":27,"column":8},"end":{"line":33,"column":9}},"type":"if","locations":[{"start":{"line":27,"column":8},"end":{"line":33,"column":9}},{"start":{},"end":{}}],"line":27},"2":{"loc":{"start":{"line":28,"column":23},"end":{"line":28,"column":53}},"type":"cond-expr","locations":[{"start":{"line":28,"column":44},"end":{"line":28,"column":47}},{"start":{"line":28,"column":50},"end":{"line":28,"column":53}}],"line":28},"3":{"loc":{"start":{"line":43,"column":8},"end":{"line":53,"column":9}},"type":"if","locations":[{"start":{"line":43,"column":8},"end":{"line":53,"column":9}},{"start":{},"end":{}}],"line":43},"4":{"loc":{"start":{"line":45,"column":141},"end":{"line":45,"column":174}},"type":"binary-expr","locations":[{"start":{"line":45,"column":141},"end":{"line":45,"column":148}},{"start":{"line":45,"column":152},"end":{"line":45,"column":174}}],"line":45},"5":{"loc":{"start":{"line":48,"column":187},"end":{"line":48,"column":220}},"type":"binary-expr","locations":[{"start":{"line":48,"column":187},"end":{"line":48,"column":194}},{"start":{"line":48,"column":198},"end":{"line":48,"column":220}}],"line":48},"6":{"loc":{"start":{"line":75,"column":8},"end":{"line":81,"column":9}},"type":"if","locations":[{"start":{"line":75,"column":8},"end":{"line":81,"column":9}},{"start":{},"end":{}}],"line":75},"7":{"loc":{"start":{"line":87,"column":8},"end":{"line":93,"column":9}},"type":"if","locations":[{"start":{"line":87,"column":8},"end":{"line":93,"column":9}},{"start":{},"end":{}}],"line":87},"8":{"loc":{"start":{"line":88,"column":23},"end":{"line":88,"column":53}},"type":"cond-expr","locations":[{"start":{"line":88,"column":44},"end":{"line":88,"column":47}},{"start":{"line":88,"column":50},"end":{"line":88,"column":53}}],"line":88},"9":{"loc":{"start":{"line":102,"column":8},"end":{"line":112,"column":9}},"type":"if","locations":[{"start":{"line":102,"column":8},"end":{"line":112,"column":9}},{"start":{},"end":{}}],"line":102},"10":{"loc":{"start":{"line":104,"column":110},"end":{"line":104,"column":143}},"type":"binary-expr","locations":[{"start":{"line":104,"column":110},"end":{"line":104,"column":117}},{"start":{"line":104,"column":121},"end":{"line":104,"column":143}}],"line":104},"11":{"loc":{"start":{"line":107,"column":139},"end":{"line":107,"column":172}},"type":"binary-expr","locations":[{"start":{"line":107,"column":139},"end":{"line":107,"column":146}},{"start":{"line":107,"column":150},"end":{"line":107,"column":172}}],"line":107},"12":{"loc":{"start":{"line":133,"column":8},"end":{"line":139,"column":9}},"type":"if","locations":[{"start":{"line":133,"column":8},"end":{"line":139,"column":9}},{"start":{},"end":{}}],"line":133}},"s":{"0":1,"1":0,"2":0,"3":0,"4":0,"5":0,"6":0,"7":0,"8":0,"9":0,"10":0,"11":0,"12":0,"13":0,"14":0,"15":0,"16":0,"17":0,"18":0,"19":0,"20":0,"21":0,"22":1,"23":0,"24":0,"25":0,"26":0,"27":0,"28":0,"29":0,"30":0,"31":0,"32":0,"33":0,"34":0,"35":0,"36":0,"37":0,"38":0,"39":0,"40":0,"41":0,"42":0,"43":0,"44":1,"45":0,"46":0,"47":0,"48":0,"49":0,"50":0,"51":0,"52":0,"53":0,"54":0,"55":0,"56":1,"57":0,"58":0,"59":0,"60":0,"61":0,"62":0,"63":0},"f":{"0":0,"1":0,"2":0,"3":0,"4":0,"5":0},"b":{"0":[0,0],"1":[0,0],"2":[0,0],"3":[0,0],"4":[0,0],"5":[0,0],"6":[0,0],"7":[0,0],"8":[0,0],"9":[0,0],"10":[0,0],"11":[0,0],"12":[0,0]},"_coverageSchema":"1a1c01bbd47fc00a2c39e90264f33305004495a9","hash":"bc96af56493ad14e2ec4d93006a1603bf181636c"}
,"/home/boitenge/Desktop/Solvit_Africa/R2p/src/controllers/department-manager.controller.ts": {"path":"/home/boitenge/Desktop/Solvit_Africa/R2p/src/controllers/department-manager.controller.ts","statementMap":{"0":{"start":{"line":4,"column":29},"end":{"line":94,"column":1}},"1":{"start":{"line":5,"column":4},"end":{"line":93,"column":5}},"2":{"start":{"line":6,"column":33},"end":{"line":6,"column":43}},"3":{"start":{"line":7,"column":27},"end":{"line":7,"column":35}},"4":{"start":{"line":10,"column":27},"end":{"line":12,"column":10}},"5":{"start":{"line":14,"column":8},"end":{"line":20,"column":9}},"6":{"start":{"line":15,"column":12},"end":{"line":18,"column":15}},"7":{"start":{"line":19,"column":12},"end":{"line":19,"column":19}},"8":{"start":{"line":23,"column":21},"end":{"line":25,"column":10}},"9":{"start":{"line":27,"column":8},"end":{"line":33,"column":9}},"10":{"start":{"line":28,"column":12},"end":{"line":31,"column":15}},"11":{"start":{"line":32,"column":12},"end":{"line":32,"column":19}},"12":{"start":{"line":35,"column":8},"end":{"line":41,"column":9}},"13":{"start":{"line":36,"column":12},"end":{"line":39,"column":15}},"14":{"start":{"line":40,"column":12},"end":{"line":40,"column":19}},"15":{"start":{"line":44,"column":35},"end":{"line":51,"column":10}},"16":{"start":{"line":53,"column":8},"end":{"line":59,"column":9}},"17":{"start":{"line":54,"column":12},"end":{"line":57,"column":15}},"18":{"start":{"line":58,"column":12},"end":{"line":58,"column":19}},"19":{"start":{"line":62,"column":27},"end":{"line":84,"column":10}},"20":{"start":{"line":86,"column":8},"end":{"line":90,"column":11}},"21":{"start":{"line":92,"column":8},"end":{"line":92,"column":20}},"22":{"start":{"line":96,"column":29},"end":{"line":140,"column":1}},"23":{"start":{"line":97,"column":4},"end":{"line":139,"column":5}},"24":{"start":{"line":98,"column":41},"end":{"line":98,"column":51}},"25":{"start":{"line":101,"column":27},"end":{"line":112,"column":10}},"26":{"start":{"line":114,"column":8},"end":{"line":120,"column":9}},"27":{"start":{"line":115,"column":12},"end":{"line":118,"column":15}},"28":{"start":{"line":119,"column":12},"end":{"line":119,"column":19}},"29":{"start":{"line":123,"column":8},"end":{"line":130,"column":11}},"30":{"start":{"line":132,"column":8},"end":{"line":136,"column":11}},"31":{"start":{"line":138,"column":8},"end":{"line":138,"column":20}},"32":{"start":{"line":142,"column":37},"end":{"line":195,"column":1}},"33":{"start":{"line":143,"column":4},"end":{"line":194,"column":5}},"34":{"start":{"line":144,"column":33},"end":{"line":144,"column":43}},"35":{"start":{"line":147,"column":27},"end":{"line":149,"column":10}},"36":{"start":{"line":151,"column":8},"end":{"line":157,"column":9}},"37":{"start":{"line":152,"column":12},"end":{"line":155,"column":15}},"38":{"start":{"line":156,"column":12},"end":{"line":156,"column":19}},"39":{"start":{"line":160,"column":25},"end":{"line":176,"column":10}},"40":{"start":{"line":178,"column":8},"end":{"line":191,"column":11}},"41":{"start":{"line":186,"column":45},"end":{"line":189,"column":17}},"42":{"start":{"line":193,"column":8},"end":{"line":193,"column":20}}},"fnMap":{"0":{"name":"(anonymous_0)","decl":{"start":{"line":4,"column":29},"end":{"line":4,"column":30}},"loc":{"start":{"line":4,"column":103},"end":{"line":94,"column":1}},"line":4},"1":{"name":"(anonymous_1)","decl":{"start":{"line":96,"column":29},"end":{"line":96,"column":30}},"loc":{"start":{"line":96,"column":103},"end":{"line":140,"column":1}},"line":96},"2":{"name":"(anonymous_2)","decl":{"start":{"line":142,"column":37},"end":{"line":142,"column":38}},"loc":{"start":{"line":142,"column":111},"end":{"line":195,"column":1}},"line":142},"3":{"name":"(anonymous_3)","decl":{"start":{"line":186,"column":39},"end":{"line":186,"column":40}},"loc":{"start":{"line":186,"column":45},"end":{"line":189,"column":17}},"line":186}},"branchMap":{"0":{"loc":{"start":{"line":14,"column":8},"end":{"line":20,"column":9}},"type":"if","locations":[{"start":{"line":14,"column":8},"end":{"line":20,"column":9}},{"start":{},"end":{}}],"line":14},"1":{"loc":{"start":{"line":27,"column":8},"end":{"line":33,"column":9}},"type":"if","locations":[{"start":{"line":27,"column":8},"end":{"line":33,"column":9}},{"start":{},"end":{}}],"line":27},"2":{"loc":{"start":{"line":35,"column":8},"end":{"line":41,"column":9}},"type":"if","locations":[{"start":{"line":35,"column":8},"end":{"line":41,"column":9}},{"start":{},"end":{}}],"line":35},"3":{"loc":{"start":{"line":53,"column":8},"end":{"line":59,"column":9}},"type":"if","locations":[{"start":{"line":53,"column":8},"end":{"line":59,"column":9}},{"start":{},"end":{}}],"line":53},"4":{"loc":{"start":{"line":114,"column":8},"end":{"line":120,"column":9}},"type":"if","locations":[{"start":{"line":114,"column":8},"end":{"line":120,"column":9}},{"start":{},"end":{}}],"line":114},"5":{"loc":{"start":{"line":151,"column":8},"end":{"line":157,"column":9}},"type":"if","locations":[{"start":{"line":151,"column":8},"end":{"line":157,"column":9}},{"start":{},"end":{}}],"line":151}},"s":{"0":1,"1":0,"2":0,"3":0,"4":0,"5":0,"6":0,"7":0,"8":0,"9":0,"10":0,"11":0,"12":0,"13":0,"14":0,"15":0,"16":0,"17":0,"18":0,"19":0,"20":0,"21":0,"22":1,"23":0,"24":0,"25":0,"26":0,"27":0,"28":0,"29":0,"30":0,"31":0,"32":1,"33":0,"34":0,"35":0,"36":0,"37":0,"38":0,"39":0,"40":0,"41":0,"42":0},"f":{"0":0,"1":0,"2":0,"3":0},"b":{"0":[0,0],"1":[0,0],"2":[0,0],"3":[0,0],"4":[0,0],"5":[0,0]},"_coverageSchema":"1a1c01bbd47fc00a2c39e90264f33305004495a9","hash":"0390d046b08d68158247050b5a2ababb0c172514"}
,"/home/boitenge/Desktop/Solvit_Africa/R2p/src/controllers/department.controller.ts": {"path":"/home/boitenge/Desktop/Solvit_Africa/R2p/src/controllers/department.controller.ts","statementMap":{"0":{"start":{"line":5,"column":32},"end":{"line":32,"column":1}},"1":{"start":{"line":6,"column":4},"end":{"line":31,"column":5}},"2":{"start":{"line":7,"column":38},"end":{"line":7,"column":46}},"3":{"start":{"line":9,"column":23},"end":{"line":9,"column":74}},"4":{"start":{"line":11,"column":8},"end":{"line":17,"column":9}},"5":{"start":{"line":12,"column":12},"end":{"line":15,"column":15}},"6":{"start":{"line":16,"column":12},"end":{"line":16,"column":19}},"7":{"start":{"line":19,"column":27},"end":{"line":22,"column":9}},"8":{"start":{"line":24,"column":8},"end":{"line":28,"column":11}},"9":{"start":{"line":30,"column":8},"end":{"line":30,"column":20}},"10":{"start":{"line":34,"column":33},"end":{"line":48,"column":1}},"11":{"start":{"line":35,"column":4},"end":{"line":47,"column":5}},"12":{"start":{"line":36,"column":44},"end":{"line":36,"column":74}},"13":{"start":{"line":38,"column":39},"end":{"line":38,"column":96}},"14":{"start":{"line":40,"column":8},"end":{"line":44,"column":11}},"15":{"start":{"line":46,"column":8},"end":{"line":46,"column":20}},"16":{"start":{"line":50,"column":29},"end":{"line":70,"column":1}},"17":{"start":{"line":51,"column":4},"end":{"line":69,"column":5}},"18":{"start":{"line":52,"column":27},"end":{"line":52,"column":83}},"19":{"start":{"line":54,"column":8},"end":{"line":60,"column":9}},"20":{"start":{"line":55,"column":12},"end":{"line":58,"column":15}},"21":{"start":{"line":59,"column":12},"end":{"line":59,"column":19}},"22":{"start":{"line":62,"column":8},"end":{"line":66,"column":11}},"23":{"start":{"line":68,"column":8},"end":{"line":68,"column":20}},"24":{"start":{"line":72,"column":32},"end":{"line":107,"column":1}},"25":{"start":{"line":73,"column":4},"end":{"line":106,"column":5}},"26":{"start":{"line":74,"column":38},"end":{"line":74,"column":46}},"27":{"start":{"line":76,"column":8},"end":{"line":86,"column":9}},"28":{"start":{"line":77,"column":27},"end":{"line":77,"column":93}},"29":{"start":{"line":79,"column":12},"end":{"line":85,"column":13}},"30":{"start":{"line":80,"column":16},"end":{"line":83,"column":19}},"31":{"start":{"line":84,"column":16},"end":{"line":84,"column":23}},"32":{"start":{"line":88,"column":27},"end":{"line":88,"column":83}},"33":{"start":{"line":89,"column":8},"end":{"line":95,"column":9}},"34":{"start":{"line":90,"column":12},"end":{"line":93,"column":15}},"35":{"start":{"line":94,"column":12},"end":{"line":94,"column":19}},"36":{"start":{"line":97,"column":27},"end":{"line":97,"column":105}},"37":{"start":{"line":99,"column":8},"end":{"line":103,"column":11}},"38":{"start":{"line":105,"column":8},"end":{"line":105,"column":20}},"39":{"start":{"line":109,"column":32},"end":{"line":131,"column":1}},"40":{"start":{"line":110,"column":4},"end":{"line":130,"column":5}},"41":{"start":{"line":111,"column":27},"end":{"line":111,"column":83}},"42":{"start":{"line":113,"column":8},"end":{"line":119,"column":9}},"43":{"start":{"line":114,"column":12},"end":{"line":117,"column":15}},"44":{"start":{"line":118,"column":12},"end":{"line":118,"column":19}},"45":{"start":{"line":121,"column":27},"end":{"line":121,"column":82}},"46":{"start":{"line":123,"column":8},"end":{"line":127,"column":11}},"47":{"start":{"line":129,"column":8},"end":{"line":129,"column":20}}},"fnMap":{"0":{"name":"(anonymous_0)","decl":{"start":{"line":5,"column":32},"end":{"line":5,"column":33}},"loc":{"start":{"line":5,"column":106},"end":{"line":32,"column":1}},"line":5},"1":{"name":"(anonymous_1)","decl":{"start":{"line":34,"column":33},"end":{"line":34,"column":34}},"loc":{"start":{"line":34,"column":107},"end":{"line":48,"column":1}},"line":34},"2":{"name":"(anonymous_2)","decl":{"start":{"line":50,"column":29},"end":{"line":50,"column":30}},"loc":{"start":{"line":50,"column":103},"end":{"line":70,"column":1}},"line":50},"3":{"name":"(anonymous_3)","decl":{"start":{"line":72,"column":32},"end":{"line":72,"column":33}},"loc":{"start":{"line":72,"column":106},"end":{"line":107,"column":1}},"line":72},"4":{"name":"(anonymous_4)","decl":{"start":{"line":109,"column":32},"end":{"line":109,"column":33}},"loc":{"start":{"line":109,"column":106},"end":{"line":131,"column":1}},"line":109}},"branchMap":{"0":{"loc":{"start":{"line":11,"column":8},"end":{"line":17,"column":9}},"type":"if","locations":[{"start":{"line":11,"column":8},"end":{"line":17,"column":9}},{"start":{},"end":{}}],"line":11},"1":{"loc":{"start":{"line":54,"column":8},"end":{"line":60,"column":9}},"type":"if","locations":[{"start":{"line":54,"column":8},"end":{"line":60,"column":9}},{"start":{},"end":{}}],"line":54},"2":{"loc":{"start":{"line":76,"column":8},"end":{"line":86,"column":9}},"type":"if","locations":[{"start":{"line":76,"column":8},"end":{"line":86,"column":9}},{"start":{},"end":{}}],"line":76},"3":{"loc":{"start":{"line":79,"column":12},"end":{"line":85,"column":13}},"type":"if","locations":[{"start":{"line":79,"column":12},"end":{"line":85,"column":13}},{"start":{},"end":{}}],"line":79},"4":{"loc":{"start":{"line":89,"column":8},"end":{"line":95,"column":9}},"type":"if","locations":[{"start":{"line":89,"column":8},"end":{"line":95,"column":9}},{"start":{},"end":{}}],"line":89},"5":{"loc":{"start":{"line":113,"column":8},"end":{"line":119,"column":9}},"type":"if","locations":[{"start":{"line":113,"column":8},"end":{"line":119,"column":9}},{"start":{},"end":{}}],"line":113}},"s":{"0":1,"1":0,"2":0,"3":0,"4":0,"5":0,"6":0,"7":0,"8":0,"9":0,"10":1,"11":0,"12":0,"13":0,"14":0,"15":0,"16":1,"17":0,"18":0,"19":0,"20":0,"21":0,"22":0,"23":0,"24":1,"25":0,"26":0,"27":0,"28":0,"29":0,"30":0,"31":0,"32":0,"33":0,"34":0,"35":0,"36":0,"37":0,"38":0,"39":1,"40":0,"41":0,"42":0,"43":0,"44":0,"45":0,"46":0,"47":0},"f":{"0":0,"1":0,"2":0,"3":0,"4":0},"b":{"0":[0,0],"1":[0,0],"2":[0,0],"3":[0,0],"4":[0,0],"5":[0,0]},"_coverageSchema":"1a1c01bbd47fc00a2c39e90264f33305004495a9","hash":"bbe7bf143a5f323ebf51b33c9ac77c1a1419a7d6"}
,"/home/boitenge/Desktop/Solvit_Africa/R2p/src/controllers/notification.controller.ts": {"path":"/home/boitenge/Desktop/Solvit_Africa/R2p/src/controllers/notification.controller.ts","statementMap":{"0":{"start":{"line":4,"column":32},"end":{"line":25,"column":1}},"1":{"start":{"line":5,"column":4},"end":{"line":24,"column":5}},"2":{"start":{"line":6,"column":40},"end":{"line":6,"column":49}},"3":{"start":{"line":8,"column":23},"end":{"line":15,"column":9}},"4":{"start":{"line":17,"column":8},"end":{"line":21,"column":11}},"5":{"start":{"line":23,"column":8},"end":{"line":23,"column":20}},"6":{"start":{"line":27,"column":26},"end":{"line":49,"column":1}},"7":{"start":{"line":28,"column":4},"end":{"line":48,"column":5}},"8":{"start":{"line":29,"column":29},"end":{"line":32,"column":9}},"9":{"start":{"line":34,"column":8},"end":{"line":39,"column":9}},"10":{"start":{"line":35,"column":12},"end":{"line":38,"column":15}},"11":{"start":{"line":41,"column":8},"end":{"line":45,"column":11}},"12":{"start":{"line":47,"column":8},"end":{"line":47,"column":20}},"13":{"start":{"line":51,"column":29},"end":{"line":63,"column":1}},"14":{"start":{"line":52,"column":4},"end":{"line":62,"column":5}},"15":{"start":{"line":53,"column":8},"end":{"line":53,"column":61}},"16":{"start":{"line":55,"column":8},"end":{"line":59,"column":11}},"17":{"start":{"line":61,"column":8},"end":{"line":61,"column":20}},"18":{"start":{"line":65,"column":34},"end":{"line":87,"column":1}},"19":{"start":{"line":66,"column":4},"end":{"line":86,"column":5}},"20":{"start":{"line":67,"column":29},"end":{"line":70,"column":9}},"21":{"start":{"line":72,"column":8},"end":{"line":77,"column":9}},"22":{"start":{"line":73,"column":12},"end":{"line":76,"column":15}},"23":{"start":{"line":79,"column":8},"end":{"line":83,"column":11}},"24":{"start":{"line":85,"column":8},"end":{"line":85,"column":20}}},"fnMap":{"0":{"name":"(anonymous_0)","decl":{"start":{"line":4,"column":32},"end":{"line":4,"column":33}},"loc":{"start":{"line":4,"column":106},"end":{"line":25,"column":1}},"line":4},"1":{"name":"(anonymous_1)","decl":{"start":{"line":27,"column":26},"end":{"line":27,"column":27}},"loc":{"start":{"line":27,"column":100},"end":{"line":49,"column":1}},"line":27},"2":{"name":"(anonymous_2)","decl":{"start":{"line":51,"column":29},"end":{"line":51,"column":30}},"loc":{"start":{"line":51,"column":103},"end":{"line":63,"column":1}},"line":51},"3":{"name":"(anonymous_3)","decl":{"start":{"line":65,"column":34},"end":{"line":65,"column":35}},"loc":{"start":{"line":65,"column":108},"end":{"line":87,"column":1}},"line":65}},"branchMap":{"0":{"loc":{"start":{"line":11,"column":24},"end":{"line":11,"column":89}},"type":"cond-expr","locations":[{"start":{"line":11,"column":44},"end":{"line":11,"column":48}},{"start":{"line":11,"column":51},"end":{"line":11,"column":89}}],"line":11},"1":{"loc":{"start":{"line":11,"column":51},"end":{"line":11,"column":89}},"type":"cond-expr","locations":[{"start":{"line":11,"column":72},"end":{"line":11,"column":77}},{"start":{"line":11,"column":80},"end":{"line":11,"column":89}}],"line":11},"2":{"loc":{"start":{"line":12,"column":22},"end":{"line":12,"column":53}},"type":"cond-expr","locations":[{"start":{"line":12,"column":29},"end":{"line":12,"column":41}},{"start":{"line":12,"column":44},"end":{"line":12,"column":53}}],"line":12},"3":{"loc":{"start":{"line":13,"column":23},"end":{"line":13,"column":56}},"type":"cond-expr","locations":[{"start":{"line":13,"column":31},"end":{"line":13,"column":44}},{"start":{"line":13,"column":47},"end":{"line":13,"column":56}}],"line":13},"4":{"loc":{"start":{"line":34,"column":8},"end":{"line":39,"column":9}},"type":"if","locations":[{"start":{"line":34,"column":8},"end":{"line":39,"column":9}},{"start":{},"end":{}}],"line":34},"5":{"loc":{"start":{"line":72,"column":8},"end":{"line":77,"column":9}},"type":"if","locations":[{"start":{"line":72,"column":8},"end":{"line":77,"column":9}},{"start":{},"end":{}}],"line":72}},"s":{"0":1,"1":0,"2":0,"3":0,"4":0,"5":0,"6":1,"7":0,"8":0,"9":0,"10":0,"11":0,"12":0,"13":1,"14":0,"15":0,"16":0,"17":0,"18":1,"19":0,"20":0,"21":0,"22":0,"23":0,"24":0},"f":{"0":0,"1":0,"2":0,"3":0},"b":{"0":[0,0],"1":[0,0],"2":[0,0],"3":[0,0],"4":[0,0],"5":[0,0]},"_coverageSchema":"1a1c01bbd47fc00a2c39e90264f33305004495a9","hash":"12dab37d3cf3b0fb3313bc718c591a2522be04aa"}
,"/home/boitenge/Desktop/Solvit_Africa/R2p/src/controllers/payment-method.controller.ts": {"path":"/home/boitenge/Desktop/Solvit_Africa/R2p/src/controllers/payment-method.controller.ts","statementMap":{"0":{"start":{"line":5,"column":24},"end":{"line":5,"column":45}},"1":{"start":{"line":7,"column":35},"end":{"line":40,"column":1}},"2":{"start":{"line":8,"column":4},"end":{"line":39,"column":5}},"3":{"start":{"line":9,"column":110},"end":{"line":9,"column":118}},"4":{"start":{"line":11,"column":30},"end":{"line":20,"column":10}},"5":{"start":{"line":22,"column":8},"end":{"line":28,"column":11}},"6":{"start":{"line":30,"column":8},"end":{"line":37,"column":9}},"7":{"start":{"line":31,"column":12},"end":{"line":36,"column":15}},"8":{"start":{"line":38,"column":8},"end":{"line":38,"column":27}},"9":{"start":{"line":42,"column":37},"end":{"line":56,"column":1}},"10":{"start":{"line":43,"column":4},"end":{"line":55,"column":5}},"11":{"start":{"line":44,"column":31},"end":{"line":44,"column":92}},"12":{"start":{"line":46,"column":8},"end":{"line":52,"column":11}},"13":{"start":{"line":54,"column":8},"end":{"line":54,"column":27}},"14":{"start":{"line":58,"column":36},"end":{"line":83,"column":1}},"15":{"start":{"line":59,"column":4},"end":{"line":82,"column":5}},"16":{"start":{"line":60,"column":23},"end":{"line":60,"column":33}},"17":{"start":{"line":62,"column":30},"end":{"line":62,"column":94}},"18":{"start":{"line":64,"column":8},"end":{"line":71,"column":9}},"19":{"start":{"line":65,"column":12},"end":{"line":70,"column":15}},"20":{"start":{"line":73,"column":8},"end":{"line":79,"column":11}},"21":{"start":{"line":81,"column":8},"end":{"line":81,"column":27}},"22":{"start":{"line":85,"column":35},"end":{"line":127,"column":1}},"23":{"start":{"line":86,"column":4},"end":{"line":126,"column":5}},"24":{"start":{"line":87,"column":23},"end":{"line":87,"column":33}},"25":{"start":{"line":88,"column":110},"end":{"line":88,"column":118}},"26":{"start":{"line":90,"column":30},"end":{"line":99,"column":10}},"27":{"start":{"line":101,"column":8},"end":{"line":107,"column":11}},"28":{"start":{"line":109,"column":8},"end":{"line":116,"column":9}},"29":{"start":{"line":110,"column":12},"end":{"line":115,"column":15}},"30":{"start":{"line":117,"column":8},"end":{"line":124,"column":9}},"31":{"start":{"line":118,"column":12},"end":{"line":123,"column":15}},"32":{"start":{"line":125,"column":8},"end":{"line":125,"column":27}},"33":{"start":{"line":129,"column":35},"end":{"line":153,"column":1}},"34":{"start":{"line":130,"column":4},"end":{"line":152,"column":5}},"35":{"start":{"line":131,"column":23},"end":{"line":131,"column":33}},"36":{"start":{"line":133,"column":30},"end":{"line":133,"column":93}},"37":{"start":{"line":135,"column":8},"end":{"line":141,"column":11}},"38":{"start":{"line":143,"column":8},"end":{"line":150,"column":9}},"39":{"start":{"line":144,"column":12},"end":{"line":149,"column":15}},"40":{"start":{"line":151,"column":8},"end":{"line":151,"column":27}},"41":{"start":{"line":155,"column":39},"end":{"line":179,"column":1}},"42":{"start":{"line":156,"column":4},"end":{"line":178,"column":5}},"43":{"start":{"line":157,"column":23},"end":{"line":157,"column":33}},"44":{"start":{"line":159,"column":30},"end":{"line":159,"column":97}},"45":{"start":{"line":161,"column":8},"end":{"line":167,"column":11}},"46":{"start":{"line":169,"column":8},"end":{"line":176,"column":9}},"47":{"start":{"line":170,"column":12},"end":{"line":175,"column":15}},"48":{"start":{"line":177,"column":8},"end":{"line":177,"column":27}},"49":{"start":{"line":181,"column":39},"end":{"line":204,"column":1}},"50":{"start":{"line":182,"column":4},"end":{"line":203,"column":5}},"51":{"start":{"line":183,"column":30},"end":{"line":183,"column":93}},"52":{"start":{"line":185,"column":8},"end":{"line":192,"column":9}},"53":{"start":{"line":186,"column":12},"end":{"line":191,"column":15}},"54":{"start":{"line":194,"column":8},"end":{"line":200,"column":11}},"55":{"start":{"line":202,"column":8},"end":{"line":202,"column":27}}},"fnMap":{"0":{"name":"(anonymous_0)","decl":{"start":{"line":7,"column":35},"end":{"line":7,"column":36}},"loc":{"start":{"line":7,"column":94},"end":{"line":40,"column":1}},"line":7},"1":{"name":"(anonymous_1)","decl":{"start":{"line":42,"column":37},"end":{"line":42,"column":38}},"loc":{"start":{"line":42,"column":96},"end":{"line":56,"column":1}},"line":42},"2":{"name":"(anonymous_2)","decl":{"start":{"line":58,"column":36},"end":{"line":58,"column":37}},"loc":{"start":{"line":58,"column":95},"end":{"line":83,"column":1}},"line":58},"3":{"name":"(anonymous_3)","decl":{"start":{"line":85,"column":35},"end":{"line":85,"column":36}},"loc":{"start":{"line":85,"column":94},"end":{"line":127,"column":1}},"line":85},"4":{"name":"(anonymous_4)","decl":{"start":{"line":129,"column":35},"end":{"line":129,"column":36}},"loc":{"start":{"line":129,"column":94},"end":{"line":153,"column":1}},"line":129},"5":{"name":"(anonymous_5)","decl":{"start":{"line":155,"column":39},"end":{"line":155,"column":40}},"loc":{"start":{"line":155,"column":98},"end":{"line":179,"column":1}},"line":155},"6":{"name":"(anonymous_6)","decl":{"start":{"line":181,"column":39},"end":{"line":181,"column":40}},"loc":{"start":{"line":181,"column":98},"end":{"line":204,"column":1}},"line":181}},"branchMap":{"0":{"loc":{"start":{"line":30,"column":8},"end":{"line":37,"column":9}},"type":"if","locations":[{"start":{"line":30,"column":8},"end":{"line":37,"column":9}},{"start":{},"end":{}}],"line":30},"1":{"loc":{"start":{"line":64,"column":8},"end":{"line":71,"column":9}},"type":"if","locations":[{"start":{"line":64,"column":8},"end":{"line":71,"column":9}},{"start":{},"end":{}}],"line":64},"2":{"loc":{"start":{"line":109,"column":8},"end":{"line":116,"column":9}},"type":"if","locations":[{"start":{"line":109,"column":8},"end":{"line":116,"column":9}},{"start":{},"end":{}}],"line":109},"3":{"loc":{"start":{"line":117,"column":8},"end":{"line":124,"column":9}},"type":"if","locations":[{"start":{"line":117,"column":8},"end":{"line":124,"column":9}},{"start":{},"end":{}}],"line":117},"4":{"loc":{"start":{"line":143,"column":8},"end":{"line":150,"column":9}},"type":"if","locations":[{"start":{"line":143,"column":8},"end":{"line":150,"column":9}},{"start":{},"end":{}}],"line":143},"5":{"loc":{"start":{"line":169,"column":8},"end":{"line":176,"column":9}},"type":"if","locations":[{"start":{"line":169,"column":8},"end":{"line":176,"column":9}},{"start":{},"end":{}}],"line":169},"6":{"loc":{"start":{"line":185,"column":8},"end":{"line":192,"column":9}},"type":"if","locations":[{"start":{"line":185,"column":8},"end":{"line":192,"column":9}},{"start":{},"end":{}}],"line":185}},"s":{"0":1,"1":1,"2":0,"3":0,"4":0,"5":0,"6":0,"7":0,"8":0,"9":1,"10":0,"11":0,"12":0,"13":0,"14":1,"15":0,"16":0,"17":0,"18":0,"19":0,"20":0,"21":0,"22":1,"23":0,"24":0,"25":0,"26":0,"27":0,"28":0,"29":0,"30":0,"31":0,"32":0,"33":1,"34":0,"35":0,"36":0,"37":0,"38":0,"39":0,"40":0,"41":1,"42":0,"43":0,"44":0,"45":0,"46":0,"47":0,"48":0,"49":1,"50":0,"51":0,"52":0,"53":0,"54":0,"55":0},"f":{"0":0,"1":0,"2":0,"3":0,"4":0,"5":0,"6":0},"b":{"0":[0,0],"1":[0,0],"2":[0,0],"3":[0,0],"4":[0,0],"5":[0,0],"6":[0,0]},"_coverageSchema":"1a1c01bbd47fc00a2c39e90264f33305004495a9","hash":"0c39027243fffbb0540f99dcdbb675505829d654"}
,"/home/boitenge/Desktop/Solvit_Africa/R2p/src/controllers/payment.controller.ts": {"path":"/home/boitenge/Desktop/Solvit_Africa/R2p/src/controllers/payment.controller.ts","statementMap":{"0":{"start":{"line":6,"column":30},"end":{"line":59,"column":1}},"1":{"start":{"line":7,"column":4},"end":{"line":58,"column":5}},"2":{"start":{"line":8,"column":30},"end":{"line":8,"column":40}},"3":{"start":{"line":9,"column":46},"end":{"line":9,"column":54}},"4":{"start":{"line":11,"column":24},"end":{"line":11,"column":70}},"5":{"start":{"line":13,"column":8},"end":{"line":19,"column":9}},"6":{"start":{"line":14,"column":12},"end":{"line":17,"column":15}},"7":{"start":{"line":18,"column":12},"end":{"line":18,"column":19}},"8":{"start":{"line":21,"column":27},"end":{"line":21,"column":78}},"9":{"start":{"line":23,"column":8},"end":{"line":29,"column":9}},"10":{"start":{"line":24,"column":12},"end":{"line":27,"column":15}},"11":{"start":{"line":28,"column":12},"end":{"line":28,"column":19}},"12":{"start":{"line":31,"column":32},"end":{"line":31,"column":82}},"13":{"start":{"line":33,"column":8},"end":{"line":39,"column":9}},"14":{"start":{"line":34,"column":12},"end":{"line":37,"column":15}},"15":{"start":{"line":38,"column":12},"end":{"line":38,"column":19}},"16":{"start":{"line":41,"column":23},"end":{"line":46,"column":9}},"17":{"start":{"line":48,"column":8},"end":{"line":55,"column":11}},"18":{"start":{"line":57,"column":8},"end":{"line":57,"column":20}},"19":{"start":{"line":61,"column":33},"end":{"line":97,"column":1}},"20":{"start":{"line":62,"column":4},"end":{"line":96,"column":5}},"21":{"start":{"line":63,"column":54},"end":{"line":63,"column":63}},"22":{"start":{"line":64,"column":44},"end":{"line":64,"column":74}},"23":{"start":{"line":66,"column":24},"end":{"line":70,"column":9}},"24":{"start":{"line":72,"column":36},"end":{"line":75,"column":9}},"25":{"start":{"line":77,"column":28},"end":{"line":77,"column":73}},"26":{"start":{"line":79,"column":34},"end":{"line":84,"column":9}},"27":{"start":{"line":86,"column":8},"end":{"line":93,"column":11}},"28":{"start":{"line":95,"column":8},"end":{"line":95,"column":20}},"29":{"start":{"line":99,"column":26},"end":{"line":119,"column":1}},"30":{"start":{"line":100,"column":4},"end":{"line":118,"column":5}},"31":{"start":{"line":101,"column":24},"end":{"line":101,"column":74}},"32":{"start":{"line":103,"column":8},"end":{"line":109,"column":9}},"33":{"start":{"line":104,"column":12},"end":{"line":107,"column":15}},"34":{"start":{"line":108,"column":12},"end":{"line":108,"column":19}},"35":{"start":{"line":111,"column":8},"end":{"line":115,"column":11}},"36":{"start":{"line":117,"column":8},"end":{"line":117,"column":20}},"37":{"start":{"line":121,"column":34},"end":{"line":147,"column":1}},"38":{"start":{"line":122,"column":4},"end":{"line":146,"column":5}},"39":{"start":{"line":123,"column":44},"end":{"line":123,"column":74}},"40":{"start":{"line":125,"column":36},"end":{"line":125,"column":91}},"41":{"start":{"line":127,"column":35},"end":{"line":127,"column":87}},"42":{"start":{"line":129,"column":34},"end":{"line":134,"column":9}},"43":{"start":{"line":136,"column":8},"end":{"line":143,"column":11}},"44":{"start":{"line":145,"column":8},"end":{"line":145,"column":20}}},"fnMap":{"0":{"name":"(anonymous_0)","decl":{"start":{"line":6,"column":30},"end":{"line":6,"column":31}},"loc":{"start":{"line":6,"column":104},"end":{"line":59,"column":1}},"line":6},"1":{"name":"(anonymous_1)","decl":{"start":{"line":61,"column":33},"end":{"line":61,"column":34}},"loc":{"start":{"line":61,"column":107},"end":{"line":97,"column":1}},"line":61},"2":{"name":"(anonymous_2)","decl":{"start":{"line":99,"column":26},"end":{"line":99,"column":27}},"loc":{"start":{"line":99,"column":100},"end":{"line":119,"column":1}},"line":99},"3":{"name":"(anonymous_3)","decl":{"start":{"line":121,"column":34},"end":{"line":121,"column":35}},"loc":{"start":{"line":121,"column":108},"end":{"line":147,"column":1}},"line":121}},"branchMap":{"0":{"loc":{"start":{"line":13,"column":8},"end":{"line":19,"column":9}},"type":"if","locations":[{"start":{"line":13,"column":8},"end":{"line":19,"column":9}},{"start":{},"end":{}}],"line":13},"1":{"loc":{"start":{"line":23,"column":8},"end":{"line":29,"column":9}},"type":"if","locations":[{"start":{"line":23,"column":8},"end":{"line":29,"column":9}},{"start":{},"end":{}}],"line":23},"2":{"loc":{"start":{"line":33,"column":8},"end":{"line":39,"column":9}},"type":"if","locations":[{"start":{"line":33,"column":8},"end":{"line":39,"column":9}},{"start":{},"end":{}}],"line":33},"3":{"loc":{"start":{"line":68,"column":23},"end":{"line":68,"column":76}},"type":"cond-expr","locations":[{"start":{"line":68,"column":35},"end":{"line":68,"column":64}},{"start":{"line":68,"column":67},"end":{"line":68,"column":76}}],"line":68},"4":{"loc":{"start":{"line":69,"column":21},"end":{"line":69,"column":70}},"type":"cond-expr","locations":[{"start":{"line":69,"column":31},"end":{"line":69,"column":58}},{"start":{"line":69,"column":61},"end":{"line":69,"column":70}}],"line":69},"5":{"loc":{"start":{"line":103,"column":8},"end":{"line":109,"column":9}},"type":"if","locations":[{"start":{"line":103,"column":8},"end":{"line":109,"column":9}},{"start":{},"end":{}}],"line":103}},"s":{"0":1,"1":0,"2":0,"3":0,"4":0,"5":0,"6":0,"7":0,"8":0,"9":0,"10":0,"11":0,"12":0,"13":0,"14":0,"15":0,"16":0,"17":0,"18":0,"19":1,"20":0,"21":0,"22":0,"23":0,"24":0,"25":0,"26":0,"27":0,"28":0,"29":1,"30":0,"31":0,"32":0,"33":0,"34":0,"35":0,"36":0,"37":1,"38":0,"39":0,"40":0,"41":0,"42":0,"43":0,"44":0},"f":{"0":0,"1":0,"2":0,"3":0},"b":{"0":[0,0],"1":[0,0],"2":[0,0],"3":[0,0],"4":[0,0],"5":[0,0]},"_coverageSchema":"1a1c01bbd47fc00a2c39e90264f33305004495a9","hash":"5d412334e95ed2cf817e55af7ca9554573d4d650"}
,"/home/boitenge/Desktop/Solvit_Africa/R2p/src/controllers/request.controller.ts": {"path":"/home/boitenge/Desktop/Solvit_Africa/R2p/src/controllers/request.controller.ts","statementMap":{"0":{"start":{"line":5,"column":29},"end":{"line":38,"column":1}},"1":{"start":{"line":6,"column":4},"end":{"line":37,"column":5}},"2":{"start":{"line":15,"column":12},"end":{"line":15,"column":20}},"3":{"start":{"line":17,"column":24},"end":{"line":28,"column":10}},"4":{"start":{"line":30,"column":8},"end":{"line":34,"column":11}},"5":{"start":{"line":36,"column":8},"end":{"line":36,"column":20}},"6":{"start":{"line":40,"column":29},"end":{"line":59,"column":1}},"7":{"start":{"line":41,"column":4},"end":{"line":58,"column":5}},"8":{"start":{"line":42,"column":44},"end":{"line":42,"column":74}},"9":{"start":{"line":43,"column":24},"end":{"line":43,"column":74}},"10":{"start":{"line":45,"column":36},"end":{"line":49,"column":9}},"11":{"start":{"line":51,"column":8},"end":{"line":55,"column":11}},"12":{"start":{"line":57,"column":8},"end":{"line":57,"column":20}},"13":{"start":{"line":61,"column":30},"end":{"line":84,"column":1}},"14":{"start":{"line":62,"column":4},"end":{"line":83,"column":5}},"15":{"start":{"line":63,"column":44},"end":{"line":63,"column":74}},"16":{"start":{"line":64,"column":24},"end":{"line":67,"column":9}},"17":{"start":{"line":69,"column":36},"end":{"line":74,"column":9}},"18":{"start":{"line":76,"column":8},"end":{"line":80,"column":11}},"19":{"start":{"line":82,"column":8},"end":{"line":82,"column":20}},"20":{"start":{"line":86,"column":26},"end":{"line":116,"column":1}},"21":{"start":{"line":87,"column":4},"end":{"line":115,"column":5}},"22":{"start":{"line":88,"column":24},"end":{"line":88,"column":74}},"23":{"start":{"line":90,"column":8},"end":{"line":96,"column":9}},"24":{"start":{"line":91,"column":12},"end":{"line":94,"column":15}},"25":{"start":{"line":95,"column":12},"end":{"line":95,"column":19}},"26":{"start":{"line":98,"column":30},"end":{"line":98,"column":79}},"27":{"start":{"line":100,"column":8},"end":{"line":106,"column":9}},"28":{"start":{"line":101,"column":12},"end":{"line":104,"column":15}},"29":{"start":{"line":105,"column":12},"end":{"line":105,"column":19}},"30":{"start":{"line":108,"column":8},"end":{"line":112,"column":11}},"31":{"start":{"line":114,"column":8},"end":{"line":114,"column":20}},"32":{"start":{"line":118,"column":29},"end":{"line":174,"column":1}},"33":{"start":{"line":119,"column":4},"end":{"line":173,"column":5}},"34":{"start":{"line":128,"column":12},"end":{"line":128,"column":20}},"35":{"start":{"line":130,"column":32},"end":{"line":130,"column":82}},"36":{"start":{"line":132,"column":8},"end":{"line":138,"column":9}},"37":{"start":{"line":133,"column":12},"end":{"line":136,"column":15}},"38":{"start":{"line":137,"column":12},"end":{"line":137,"column":19}},"39":{"start":{"line":140,"column":30},"end":{"line":140,"column":87}},"40":{"start":{"line":142,"column":8},"end":{"line":148,"column":9}},"41":{"start":{"line":143,"column":12},"end":{"line":146,"column":15}},"42":{"start":{"line":147,"column":12},"end":{"line":147,"column":19}},"43":{"start":{"line":150,"column":33},"end":{"line":150,"column":106}},"44":{"start":{"line":152,"column":8},"end":{"line":158,"column":9}},"45":{"start":{"line":153,"column":12},"end":{"line":156,"column":15}},"46":{"start":{"line":157,"column":12},"end":{"line":157,"column":19}},"47":{"start":{"line":160,"column":24},"end":{"line":164,"column":9}},"48":{"start":{"line":166,"column":8},"end":{"line":170,"column":11}},"49":{"start":{"line":172,"column":8},"end":{"line":172,"column":20}},"50":{"start":{"line":176,"column":29},"end":{"line":218,"column":1}},"51":{"start":{"line":177,"column":4},"end":{"line":217,"column":5}},"52":{"start":{"line":178,"column":32},"end":{"line":178,"column":82}},"53":{"start":{"line":180,"column":8},"end":{"line":186,"column":9}},"54":{"start":{"line":181,"column":12},"end":{"line":184,"column":15}},"55":{"start":{"line":185,"column":12},"end":{"line":185,"column":19}},"56":{"start":{"line":188,"column":30},"end":{"line":188,"column":87}},"57":{"start":{"line":190,"column":8},"end":{"line":196,"column":9}},"58":{"start":{"line":191,"column":12},"end":{"line":194,"column":15}},"59":{"start":{"line":195,"column":12},"end":{"line":195,"column":19}},"60":{"start":{"line":198,"column":33},"end":{"line":198,"column":106}},"61":{"start":{"line":200,"column":8},"end":{"line":206,"column":9}},"62":{"start":{"line":201,"column":12},"end":{"line":204,"column":15}},"63":{"start":{"line":205,"column":12},"end":{"line":205,"column":19}},"64":{"start":{"line":208,"column":8},"end":{"line":208,"column":58}},"65":{"start":{"line":210,"column":8},"end":{"line":214,"column":11}},"66":{"start":{"line":216,"column":8},"end":{"line":216,"column":20}},"67":{"start":{"line":220,"column":29},"end":{"line":260,"column":1}},"68":{"start":{"line":221,"column":4},"end":{"line":259,"column":5}},"69":{"start":{"line":222,"column":32},"end":{"line":222,"column":82}},"70":{"start":{"line":224,"column":8},"end":{"line":230,"column":9}},"71":{"start":{"line":225,"column":12},"end":{"line":228,"column":15}},"72":{"start":{"line":229,"column":12},"end":{"line":229,"column":19}},"73":{"start":{"line":232,"column":8},"end":{"line":238,"column":9}},"74":{"start":{"line":233,"column":12},"end":{"line":236,"column":15}},"75":{"start":{"line":237,"column":12},"end":{"line":237,"column":19}},"76":{"start":{"line":240,"column":33},"end":{"line":240,"column":106}},"77":{"start":{"line":242,"column":8},"end":{"line":248,"column":9}},"78":{"start":{"line":243,"column":12},"end":{"line":246,"column":15}},"79":{"start":{"line":247,"column":12},"end":{"line":247,"column":19}},"80":{"start":{"line":250,"column":24},"end":{"line":250,"column":73}},"81":{"start":{"line":252,"column":8},"end":{"line":256,"column":11}},"82":{"start":{"line":258,"column":8},"end":{"line":258,"column":20}},"83":{"start":{"line":262,"column":29},"end":{"line":302,"column":1}},"84":{"start":{"line":263,"column":4},"end":{"line":301,"column":5}},"85":{"start":{"line":264,"column":32},"end":{"line":264,"column":82}},"86":{"start":{"line":266,"column":8},"end":{"line":272,"column":9}},"87":{"start":{"line":267,"column":12},"end":{"line":270,"column":15}},"88":{"start":{"line":271,"column":12},"end":{"line":271,"column":19}},"89":{"start":{"line":274,"column":8},"end":{"line":280,"column":9}},"90":{"start":{"line":275,"column":12},"end":{"line":278,"column":15}},"91":{"start":{"line":279,"column":12},"end":{"line":279,"column":19}},"92":{"start":{"line":282,"column":33},"end":{"line":282,"column":106}},"93":{"start":{"line":284,"column":8},"end":{"line":290,"column":9}},"94":{"start":{"line":285,"column":12},"end":{"line":288,"column":15}},"95":{"start":{"line":289,"column":12},"end":{"line":289,"column":19}},"96":{"start":{"line":292,"column":24},"end":{"line":292,"column":73}},"97":{"start":{"line":294,"column":8},"end":{"line":298,"column":11}},"98":{"start":{"line":300,"column":8},"end":{"line":300,"column":20}},"99":{"start":{"line":304,"column":37},"end":{"line":323,"column":1}},"100":{"start":{"line":305,"column":4},"end":{"line":322,"column":5}},"101":{"start":{"line":306,"column":44},"end":{"line":306,"column":74}},"102":{"start":{"line":307,"column":24},"end":{"line":307,"column":74}},"103":{"start":{"line":309,"column":36},"end":{"line":313,"column":9}},"104":{"start":{"line":315,"column":8},"end":{"line":319,"column":11}},"105":{"start":{"line":321,"column":8},"end":{"line":321,"column":20}}},"fnMap":{"0":{"name":"(anonymous_0)","decl":{"start":{"line":5,"column":29},"end":{"line":5,"column":30}},"loc":{"start":{"line":5,"column":103},"end":{"line":38,"column":1}},"line":5},"1":{"name":"(anonymous_1)","decl":{"start":{"line":40,"column":29},"end":{"line":40,"column":30}},"loc":{"start":{"line":40,"column":103},"end":{"line":59,"column":1}},"line":40},"2":{"name":"(anonymous_2)","decl":{"start":{"line":61,"column":30},"end":{"line":61,"column":31}},"loc":{"start":{"line":61,"column":104},"end":{"line":84,"column":1}},"line":61},"3":{"name":"(anonymous_3)","decl":{"start":{"line":86,"column":26},"end":{"line":86,"column":27}},"loc":{"start":{"line":86,"column"
[...]
,"/home/boitenge/Desktop/Solvit_Africa/R2p/src/utils/pagination.ts": {"path":"/home/boitenge/Desktop/Solvit_Africa/R2p/src/utils/pagination.ts","statementMap":{"0":{"start":{"line":18,"column":35},"end":{"line":33,"column":1}},"1":{"start":{"line":23,"column":17},"end":{"line":23,"column":53}},"2":{"start":{"line":24,"column":16},"end":{"line":24,"column":64}},"3":{"start":{"line":26,"column":4},"end":{"line":28,"column":5}},"4":{"start":{"line":27,"column":8},"end":{"line":27,"column":25}},"5":{"start":{"line":30,"column":17},"end":{"line":30,"column":35}},"6":{"start":{"line":32,"column":4},"end":{"line":32,"column":46}},"7":{"start":{"line":35,"column":39},"end":{"line":54,"column":1}},"8":{"start":{"line":41,"column":23},"end":{"line":41,"column":47}},"9":{"start":{"line":43,"column":4},"end":{"line":53,"column":6}}},"fnMap":{"0":{"name":"(anonymous_0)","decl":{"start":{"line":18,"column":35},"end":{"line":18,"column":36}},"loc":{"start":{"line":22,"column":5},"end":{"line":33,"column":1}},"line":22},"1":{"name":"(anonymous_1)","decl":{"start":{"line":35,"column":39},"end":{"line":35,"column":40}},"loc":{"start":{"line":40,"column":26},"end":{"line":54,"column":1}},"line":40}},"branchMap":{"0":{"loc":{"start":{"line":20,"column":4},"end":{"line":20,"column":28}},"type":"default-arg","locations":[{"start":{"line":20,"column":27},"end":{"line":20,"column":28}}],"line":20},"1":{"loc":{"start":{"line":21,"column":4},"end":{"line":21,"column":24}},"type":"default-arg","locations":[{"start":{"line":21,"column":23},"end":{"line":21,"column":24}}],"line":21},"2":{"loc":{"start":{"line":23,"column":29},"end":{"line":23,"column":52}},"type":"binary-expr","locations":[{"start":{"line":23,"column":29},"end":{"line":23,"column":47}},{"start":{"line":23,"column":51},"end":{"line":23,"column":52}}],"line":23},"3":{"loc":{"start":{"line":24,"column":28},"end":{"line":24,"column":63}},"type":"binary-expr","locations":[{"start":{"line":24,"column":28},"end":{"line":24,"column":47}},{"start":{"line":24,"column":51},"end":{"line":24,"column":63}}],"line":24},"4":{"loc":{"start":{"line":26,"column":4},"end":{"line":28,"column":5}},"type":"if","locations":[{"start":{"line":26,"column":4},"end":{"line":28,"column":5}},{"start":{},"end":{}}],"line":26}},"s":{"0":1,"1":0,"2":0,"3":0,"4":0,"5":0,"6":0,"7":1,"8":0,"9":0},"f":{"0":0,"1":0},"b":{"0":[0],"1":[0],"2":[0,0],"3":[0,0],"4":[0,0]},"_coverageSchema":"1a1c01bbd47fc00a2c39e90264f33305004495a9","hash":"e3d645e64b089d7bf4ab852efd703a3daffeae90"}
,"/home/boitenge/Desktop/Solvit_Africa/R2p/src/utils/prisma.ts": {"path":"/home/boitenge/Desktop/Solvit_Africa/R2p/src/utils/prisma.ts","statementMap":{"0":{"start":{"line":4,"column":30},"end":{"line":13,"column":1}},"1":{"start":{"line":5,"column":4},"end":{"line":12,"column":7}},"2":{"start":{"line":19,"column":15},"end":{"line":19,"column":59}},"3":{"start":{"line":23,"column":0},"end":{"line":23,"column":70}},"4":{"start":{"line":23,"column":43},"end":{"line":23,"column":70}}},"fnMap":{"0":{"name":"(anonymous_0)","decl":{"start":{"line":4,"column":30},"end":{"line":4,"column":31}},"loc":{"start":{"line":4,"column":36},"end":{"line":13,"column":1}},"line":4}},"branchMap":{"0":{"loc":{"start":{"line":6,"column":13},"end":{"line":6,"column":92}},"type":"cond-expr","locations":[{"start":{"line":6,"column":54},"end":{"line":6,"column":80}},{"start":{"line":6,"column":83},"end":{"line":6,"column":92}}],"line":6},"1":{"loc":{"start":{"line":19,"column":15},"end":{"line":19,"column":59}},"type":"binary-expr","locations":[{"start":{"line":19,"column":15},"end":{"line":19,"column":32}},{"start":{"line":19,"column":36},"end":{"line":19,"column":59}}],"line":19},"2":{"loc":{"start":{"line":23,"column":0},"end":{"line":23,"column":70}},"type":"if","locations":[{"start":{"line":23,"column":0},"end":{"line":23,"column":70}},{"start":{},"end":{}}],"line":23}},"s":{"0":1,"1":1,"2":1,"3":1,"4":1},"f":{"0":1},"b":{"0":[0,1],"1":[1,1],"2":[1,0]},"_coverageSchema":"1a1c01bbd47fc00a2c39e90264f33305004495a9","hash":"b80790d30f194aec074e6717ef2d07bfa6ef91ae"}
,"/home/boitenge/Desktop/Solvit_Africa/R2p/src/utils/queryHelpers.ts": {"path":"/home/boitenge/Desktop/Solvit_Africa/R2p/src/utils/queryHelpers.ts","statementMap":{"0":{"start":{"line":3,"column":27},"end":{"line":13,"column":1}},"1":{"start":{"line":4,"column":40},"end":{"line":4,"column":42}},"2":{"start":{"line":6,"column":4},"end":{"line":10,"column":7}},"3":{"start":{"line":7,"column":8},"end":{"line":9,"column":9}},"4":{"start":{"line":8,"column":12},"end":{"line":8,"column":32}},"5":{"start":{"line":12,"column":4},"end":{"line":12,"column":18}},"6":{"start":{"line":15,"column":36},"end":{"line":33,"column":1}},"7":{"start":{"line":20,"column":40},"end":{"line":20,"column":42}},"8":{"start":{"line":22,"column":4},"end":{"line":30,"column":5}},"9":{"start":{"line":23,"column":8},"end":{"line":23,"column":31}},"10":{"start":{"line":24,"column":8},"end":{"line":26,"column":9}},"11":{"start":{"line":25,"column":12},"end":{"line":25,"column":57}},"12":{"start":{"line":27,"column":8},"end":{"line":29,"column":9}},"13":{"start":{"line":28,"column":12},"end":{"line":28,"column":55}},"14":{"start":{"line":32,"column":4},"end":{"line":32,"column":18}},"15":{"start":{"line":35,"column":33},"end":{"line":48,"column":1}},"16":{"start":{"line":39,"column":4},"end":{"line":41,"column":5}},"17":{"start":{"line":40,"column":8},"end":{"line":40,"column":18}},"18":{"start":{"line":43,"column":4},"end":{"line":47,"column":6}},"19":{"start":{"line":44,"column":34},"end":{"line":46,"column":9}},"20":{"start":{"line":50,"column":38},"end":{"line":61,"column":1}},"21":{"start":{"line":54,"column":22},"end":{"line":54,"column":39}},"22":{"start":{"line":55,"column":23},"end":{"line":55,"column":56}},"23":{"start":{"line":57,"column":4},"end":{"line":60,"column":6}},"24":{"start":{"line":63,"column":32},"end":{"line":70,"column":1}},"25":{"start":{"line":67,"column":4},"end":{"line":69,"column":6}},"26":{"start":{"line":72,"column":28},"end":{"line":74,"column":1}},"27":{"start":{"line":73,"column":4},"end":{"line":73,"column":41}},"28":{"start":{"line":76,"column":32},"end":{"line":81,"column":1}},"29":{"start":{"line":77,"column":4},"end":{"line":80,"column":7}},"30":{"start":{"line":83,"column":36},"end":{"line":98,"column":1}},"31":{"start":{"line":84,"column":4},"end":{"line":84,"column":29}},"32":{"start":{"line":84,"column":16},"end":{"line":84,"column":29}},"33":{"start":{"line":86,"column":4},"end":{"line":97,"column":7}},"34":{"start":{"line":87,"column":8},"end":{"line":95,"column":9}},"35":{"start":{"line":88,"column":12},"end":{"line":94,"column":14}},"36":{"start":{"line":96,"column":8},"end":{"line":96,"column":20}},"37":{"start":{"line":100,"column":33},"end":{"line":135,"column":1}},"38":{"start":{"line":101,"column":25},"end":{"line":101,"column":27}},"39":{"start":{"line":103,"column":4},"end":{"line":112,"column":5}},"40":{"start":{"line":104,"column":8},"end":{"line":111,"column":10}},"41":{"start":{"line":114,"column":4},"end":{"line":132,"column":5}},"42":{"start":{"line":115,"column":8},"end":{"line":131,"column":10}},"43":{"start":{"line":134,"column":4},"end":{"line":134,"column":19}},"44":{"start":{"line":137,"column":34},"end":{"line":154,"column":2}},"45":{"start":{"line":137,"column":41},"end":{"line":154,"column":1}},"46":{"start":{"line":156,"column":33},"end":{"line":181,"column":2}},"47":{"start":{"line":156,"column":40},"end":{"line":181,"column":1}}},"fnMap":{"0":{"name":"(anonymous_0)","decl":{"start":{"line":3,"column":27},"end":{"line":3,"column":28}},"loc":{"start":{"line":3,"column":81},"end":{"line":13,"column":1}},"line":3},"1":{"name":"(anonymous_1)","decl":{"start":{"line":6,"column":35},"end":{"line":6,"column":36}},"loc":{"start":{"line":6,"column":53},"end":{"line":10,"column":5}},"line":6},"2":{"name":"(anonymous_2)","decl":{"start":{"line":15,"column":36},"end":{"line":15,"column":37}},"loc":{"start":{"line":19,"column":26},"end":{"line":33,"column":1}},"line":19},"3":{"name":"(anonymous_3)","decl":{"start":{"line":35,"column":33},"end":{"line":35,"column":34}},"loc":{"start":{"line":38,"column":26},"end":{"line":48,"column":1}},"line":38},"4":{"name":"(anonymous_4)","decl":{"start":{"line":44,"column":24},"end":{"line":44,"column":25}},"loc":{"start":{"line":44,"column":34},"end":{"line":46,"column":9}},"line":44},"5":{"name":"(anonymous_5)","decl":{"start":{"line":50,"column":38},"end":{"line":50,"column":39}},"loc":{"start":{"line":53,"column":38},"end":{"line":61,"column":1}},"line":53},"6":{"name":"(anonymous_6)","decl":{"start":{"line":63,"column":32},"end":{"line":63,"column":33}},"loc":{"start":{"line":66,"column":29},"end":{"line":70,"column":1}},"line":66},"7":{"name":"(anonymous_7)","decl":{"start":{"line":72,"column":28},"end":{"line":72,"column":29}},"loc":{"start":{"line":72,"column":88},"end":{"line":74,"column":1}},"line":72},"8":{"name":"(anonymous_8)","decl":{"start":{"line":76,"column":32},"end":{"line":76,"column":33}},"loc":{"start":{"line":76,"column":55},"end":{"line":81,"column":1}},"line":76},"9":{"name":"(anonymous_9)","decl":{"start":{"line":83,"column":36},"end":{"line":83,"column":37}},"loc":{"start":{"line":83,"column":86},"end":{"line":98,"column":1}},"line":83},"10":{"name":"(anonymous_10)","decl":{"start":{"line":86,"column":21},"end":{"line":86,"column":22}},"loc":{"start":{"line":86,"column":29},"end":{"line":97,"column":5}},"line":86},"11":{"name":"(anonymous_11)","decl":{"start":{"line":100,"column":33},"end":{"line":100,"column":34}},"loc":{"start":{"line":100,"column":83},"end":{"line":135,"column":1}},"line":100},"12":{"name":"(anonymous_12)","decl":{"start":{"line":137,"column":34},"end":{"line":137,"column":35}},"loc":{"start":{"line":137,"column":41},"end":{"line":154,"column":1}},"line":137},"13":{"name":"(anonymous_13)","decl":{"start":{"line":156,"column":33},"end":{"line":156,"column":34}},"loc":{"start":{"line":156,"column":40},"end":{"line":181,"column":1}},"line":156}},"branchMap":{"0":{"loc":{"start":{"line":7,"column":8},"end":{"line":9,"column":9}},"type":"if","locations":[{"start":{"line":7,"column":8},"end":{"line":9,"column":9}},{"start":{},"end":{}}],"line":7},"1":{"loc":{"start":{"line":7,"column":12},"end":{"line":7,"column":65}},"type":"binary-expr","locations":[{"start":{"line":7,"column":12},"end":{"line":7,"column":31}},{"start":{"line":7,"column":35},"end":{"line":7,"column":49}},{"start":{"line":7,"column":53},"end":{"line":7,"column":65}}],"line":7},"2":{"loc":{"start":{"line":18,"column":4},"end":{"line":18,"column":35}},"type":"default-arg","locations":[{"start":{"line":18,"column":24},"end":{"line":18,"column":35}}],"line":18},"3":{"loc":{"start":{"line":22,"column":4},"end":{"line":30,"column":5}},"type":"if","locations":[{"start":{"line":22,"column":4},"end":{"line":30,"column":5}},{"start":{},"end":{}}],"line":22},"4":{"loc":{"start":{"line":22,"column":8},"end":{"line":22,"column":28}},"type":"binary-expr","locations":[{"start":{"line":22,"column":8},"end":{"line":22,"column":17}},{"start":{"line":22,"column":21},"end":{"line":22,"column":28}}],"line":22},"5":{"loc":{"start":{"line":24,"column":8},"end":{"line":26,"column":9}},"type":"if","locations":[{"start":{"line":24,"column":8},"end":{"line":26,"column":9}},{"start":{},"end":{}}],"line":24},"6":{"loc":{"start":{"line":27,"column":8},"end":{"line":29,"column":9}},"type":"if","locations":[{"start":{"line":27,"column":8},"end":{"line":29,"column":9}},{"start":{},"end":{}}],"line":27},"7":{"loc":{"start":{"line":39,"column":4},"end":{"line":41,"column":5}},"type":"if","locations":[{"start":{"line":39,"column":4},"end":{"line":41,"column":5}},{"start":{},"end":{}}],"line":39},"8":{"loc":{"start":{"line":39,"column":8},"end":{"line":39,"column":42}},"type":"binary-expr","locations":[{"start":{"line":39,"column":8},"end":{"line":39,"column":19}},{"start":{"line":39,"column":23},"end":{"line":39,"column":42}}],"line":39},"9":{"loc":{"start":{"line":51,"column":4},"end":{"line":51,"column":20}},"type":"default-arg","locations":[{"start":{"line":51,"column":19},"end":{"line":51,"column":20}}],"line":51},"10":{"loc":{"start":{"line":52,"column":4},"end":{"line":52,"column":22}},"type":"default-arg","locations":[{"start":{"line":52,"column":20},"end":{"line":52,"column":22}}],"line":52},"11":{"loc":{"start":{"line":64,"column":4},"end":{"line":64,"column":32}},"type":"default-arg","locations":[{"start":{"line":64,"column":21},"end":{"line":64,"column":32}}],"line":64},"12":{"loc":{"start":{"line":65,"column":4},"end":{"line":65,"column":38}},"type":"default-arg","locations":[{"start":{"line":65,"column":32},"end":{"line":65,"column":38}}],"line":65},"13":{"loc":{"start":{"line":68,"column":18},"end":{"line":68,"column":46}},"type":"cond-expr","locations":[{"start":{"line":68,"column":40},"end":{"line":68,"column":41}},{"start":{"line":68,"column":44},"end":{"line":68,"column":46}}],"line":68},"14":{"loc":{"start":{"line":84,"column":4},"end":{"line":84,"column":29}},"type":"if","locations":[{"start":{"line":84,"column":4},"end":{"line":84,"column":29}},{"start":{},"end":{}}],"line":84},"15":{"loc":{"start":{"line":87,"column":8},"end":{"line":95,"column":9}},"type":"if","locations":[{"start":{"line":87,"column":8},"end":{"line":95,"column":9}},{"start":{},"end":{}}],"line":87},"16":{"loc":{"start":{"line":87,"column":12},"end":{"line":87,"column":99}},"type":"binary-expr","locations":[{"start":{"line":87,"column":12},"end":{"line":87,"column":27}},{"start":{"line":87,"column":32},"end":{"line":87,"column":57}},{"start":{"line":87,"column":61},"end":{"line":87,"column":98}}],"line":87},"17":{"loc":{"start":{"line":100,"column":34},"end":{"line":100,"column":52}},"type":"default-arg","locations":[{"start":{"line":100,"column":48},"end":{"line":100,"column":52}}],"line":100},"18":{"loc":{"start":{"line":100,"column":54},"end":{"line":100,"column":78}},"type":"default-arg","locations":[{"start":{"line":100,"column":74},"end":{"line":100,"column":78}}],"line":100},"19":{"loc":{"start":{"line":103,"column":4},"end":{"line":112,"column":5}},"type":"if","locations":[{"start":{"line":103,"column":4},"end":{"line":112,"column":5}},{"start":{},"end":{}}],"line":103},"20":{"loc":{"start":{"line":114,"column":4},"end":{"line":132,"column":5}},"type":"if","locations":[{"start":{"line":114,"column":4},"end":{"line":132,"column":5}},{"start":{},"end":{}}],"line":114}},"s":{"0":1,"1":0,"2":0,"3":0,"4":0,"5":0,"6":1,"7":0,"8":0,"9":0,"10":0,"11":0,"12":0,"13":0,"14":0,"15":1,"16":0,"17":0,"18":0,"19":0,"20":1,"21":0,"22":0,"23":0,"24":1,"25":0,"26":1,"27":0,"28":1,"29":0,"30":1,"31":0,"32":0,"33":0,"34":0,"35":0,"36":0,"37":1,"38":0,"39":0,"40":0,"41":0,"42":0,"43":0,"44":1,"45":0,"46":1,"47":0},"f":{"0":0,"1":0,"2":0,"3":0,"4":0,"5":0,"6":0,"7":0,"8":0,"9":0,"10":0,"11":0,"12":0,"13":0},"b":{"0":[0,0],"1":[0,0,0],"2":[0],"3":[0,0],"4":[0,0],"5":[0,0],"6":[0,0],"7":[0,0],"8":[0,0],"9":[0],"10":[0],"11":[0],"12":[0],"13":[0,0],"14":[0,0],"15":[0,0],"16":[0,0,0],"17":[0],"18":[0],"19":[0,0],"20":[0,0]},"_coverageSchema":"1a1c01bbd47fc00a2c39e90264f33305004495a9","hash":"f779491fab8d0e1ed7b8719a39584ef8e93d99a0"}
,"/home/boitenge/Desktop/Solvit_Africa/R2p/src/validator/approval.validation.ts": {"path":"/home/boitenge/Desktop/Solvit_Africa/R2p/src/validator/approval.validation.ts","statementMap":{"0":{"start":{"line":3,"column":38},"end":{"line":5,"column":2}}},"fnMap":{},"branchMap":{},"s":{"0":1},"f":{},"b":{},"_coverageSchema":"1a1c01bbd47fc00a2c39e90264f33305004495a9","hash":"d5ab002c3982a0aabf3f69dd7955f1ef9a4665c3"}
,"/home/boitenge/Desktop/Solvit_Africa/R2p/src/validator/department.validation.ts": {"path":"/home/boitenge/Desktop/Solvit_Africa/R2p/src/validator/department.validation.ts","statementMap":{"0":{"start":{"line":3,"column":38},"end":{"line":7,"column":2}},"1":{"start":{"line":9,"column":38},"end":{"line":13,"column":2}}},"fnMap":{},"branchMap":{},"s":{"0":1,"1":1},"f":{},"b":{},"_coverageSchema":"1a1c01bbd47fc00a2c39e90264f33305004495a9","hash":"1446bab2f98b26c141a7e3bd7ea3b57460ebee33"}
,"/home/boitenge/Desktop/Solvit_Africa/R2p/src/validator/payment.validation.ts": {"path":"/home/boitenge/Desktop/Solvit_Africa/R2p/src/validator/payment.validation.ts","statementMap":{"0":{"start":{"line":3,"column":36},"end":{"line":8,"column":2}}},"fnMap":{},"branchMap":{},"s":{"0":1},"f":{},"b":{},"_coverageSchema":"1a1c01bbd47fc00a2c39e90264f33305004495a9","hash":"c97c501a3bdaad66a35ded4b621a1a7904e71476"}
,"/home/boitenge/Desktop/Solvit_Africa/R2p/src/validator/request.validation.ts": {"path":"/home/boitenge/Desktop/Solvit_Africa/R2p/src/validator/request.validation.ts","statementMap":{"0":{"start":{"line":3,"column":35},"end":{"line":11,"column":2}},"1":{"start":{"line":13,"column":35},"end":{"line":24,"column":2}},"2":{"start":{"line":26,"column":41},"end":{"line":31,"column":2}}},"fnMap":{},"branchMap":{},"s":{"0":1,"1":1,"2":1},"f":{},"b":{},"_coverageSchema":"1a1c01bbd47fc00a2c39e90264f33305004495a9","hash":"e21ef489066f05bcd43bbf7c6d6aed41d52a8f46"}
,"/home/boitenge/Desktop/Solvit_Africa/R2p/src/validator/user.validation.ts": {"path":"/home/boitenge/Desktop/Solvit_Africa/R2p/src/validator/user.validation.ts","statementMap":{"0":{"start":{"line":3,"column":23},"end":{"line":11,"column":6}},"1":{"start":{"line":13,"column":20},"end":{"line":20,"column":6}},"2":{"start":{"line":22,"column":32},"end":{"line":35,"column":2}},"3":{"start":{"line":37,"column":27},"end":{"line":42,"column":2}},"4":{"start":{"line":44,"column":32},"end":{"line":52,"column":2}},"5":{"start":{"line":54,"column":36},"end":{"line":66,"column":2}},"6":{"start":{"line":68,"column":35},"end":{"line":77,"column":2}},"7":{"start":{"line":78,"column":44},"end":{"line":87,"column":2}}},"fnMap":{},"branchMap":{},"s":{"0":1,"1":1,"2":1,"3":1,"4":1,"5":1,"6":1,"7":1},"f":{},"b":{},"_coverageSchema":"1a1c01bbd47fc00a2c39e90264f33305004495a9","hash":"7002fbe89672fd1a864198e62a99b09a826072cd"}
}
