TN:
SF:src/app.ts
FN:17,(anonymous_0)
FN:26,(anonymous_1)
FN:41,(anonymous_2)
FN:47,(anonymous_3)
FNF:4
FNH:2
FNDA:1,(anonymous_0)
FNDA:0,(anonymous_1)
FNDA:1,(anonymous_2)
FNDA:0,(anonymous_3)
DA:12,1
DA:15,1
DA:17,1
DA:21,1
DA:22,1
DA:24,1
DA:26,1
DA:27,0
DA:35,1
DA:37,1
DA:39,1
DA:41,1
DA:42,1
DA:44,1
DA:45,0
DA:47,0
DA:48,0
DA:52,0
DA:53,0
DA:57,1
LF:20
LH:14
BRF:0
BRH:0
end_of_record
TN:
SF:src/auth/auth.controller.ts
FN:15,(anonymous_0)
FN:79,(anonymous_1)
FN:146,(anonymous_2)
FN:199,(anonymous_3)
FN:242,(anonymous_4)
FN:277,(anonymous_5)
FN:372,(anonymous_6)
FN:417,(anonymous_7)
FN:457,(anonymous_8)
FNF:9
FNH:0
FNDA:0,(anonymous_0)
FNDA:0,(anonymous_1)
FNDA:0,(anonymous_2)
FNDA:0,(anonymous_3)
FNDA:0,(anonymous_4)
FNDA:0,(anonymous_5)
FNDA:0,(anonymous_6)
FNDA:0,(anonymous_7)
FNDA:0,(anonymous_8)
DA:10,1
DA:11,1
DA:12,1
DA:15,1
DA:16,0
DA:17,0
DA:19,0
DA:20,0
DA:21,0
DA:29,0
DA:33,0
DA:34,0
DA:43,0
DA:55,0
DA:62,0
DA:75,0
DA:79,1
DA:80,0
DA:81,0
DA:83,0
DA:88,0
DA:89,0
DA:97,0
DA:99,0
DA:100,0
DA:108,0
DA:109,0
DA:117,0
DA:125,0
DA:132,0
DA:142,0
DA:146,1
DA:147,0
DA:148,0
DA:150,0
DA:155,0
DA:156,0
DA:164,0
DA:165,0
DA:173,0
DA:181,0
DA:187,0
DA:195,0
DA:199,1
DA:200,0
DA:201,0
DA:213,0
DA:214,0
DA:228,0
DA:230,0
DA:238,0
DA:242,1
DA:243,0
DA:244,0
DA:246,0
DA:247,0
DA:248,0
DA:249,0
DA:258,0
DA:263,0
DA:265,0
DA:273,0
DA:277,1
DA:278,0
DA:279,0
DA:281,0
DA:283,0
DA:284,0
DA:292,0
DA:293,0
DA:294,0
DA:302,0
DA:303,0
DA:304,0
DA:312,0
DA:313,0
DA:314,0
DA:316,0
DA:324,0
DA:331,0
DA:340,0
DA:341,0
DA:349,0
DA:351,0
DA:360,0
DA:368,0
DA:372,1
DA:373,0
DA:374,0
DA:376,0
DA:378,0
DA:379,0
DA:387,0
DA:388,0
DA:390,0
DA:399,0
DA:406,0
DA:413,0
DA:417,1
DA:418,0
DA:419,0
DA:421,0
DA:423,0
DA:424,0
DA:432,0
DA:433,0
DA:441,0
DA:446,0
DA:453,0
DA:457,1
DA:458,0
DA:459,0
DA:461,0
DA:463,0
DA:464,0
DA:472,0
DA:473,0
DA:481,0
DA:482,0
DA:490,0
DA:491,0
DA:492,0
DA:500,0
DA:510,0
DA:518,0
LF:125
LH:12
BRDA:20,0,0,0
BRDA:20,0,1,0
BRDA:33,1,0,0
BRDA:33,1,1,0
BRDA:48,2,0,0
BRDA:48,2,1,0
BRDA:88,3,0,0
BRDA:88,3,1,0
BRDA:99,4,0,0
BRDA:99,4,1,0
BRDA:108,5,0,0
BRDA:108,5,1,0
BRDA:155,6,0,0
BRDA:155,6,1,0
BRDA:164,7,0,0
BRDA:164,7,1,0
BRDA:164,8,0,0
BRDA:164,8,1,0
BRDA:164,8,2,0
BRDA:213,9,0,0
BRDA:213,9,1,0
BRDA:246,10,0,0
BRDA:246,10,1,0
BRDA:246,11,0,0
BRDA:246,11,1,0
BRDA:248,12,0,0
BRDA:248,12,1,0
BRDA:283,13,0,0
BRDA:283,13,1,0
BRDA:293,14,0,0
BRDA:293,14,1,0
BRDA:303,15,0,0
BRDA:303,15,1,0
BRDA:312,16,0,0
BRDA:312,16,1,0
BRDA:340,17,0,0
BRDA:340,17,1,0
BRDA:340,18,0,0
BRDA:340,18,1,0
BRDA:340,18,2,0
BRDA:378,19,0,0
BRDA:378,19,1,0
BRDA:423,20,0,0
BRDA:423,20,1,0
BRDA:432,21,0,0
BRDA:432,21,1,0
BRDA:432,22,0,0
BRDA:432,22,1,0
BRDA:432,22,2,0
BRDA:463,23,0,0
BRDA:463,23,1,0
BRDA:472,24,0,0
BRDA:472,24,1,0
BRDA:481,25,0,0
BRDA:481,25,1,0
BRDA:481,26,0,0
BRDA:481,26,1,0
BRDA:491,27,0,0
BRDA:491,27,1,0
BRF:59
BRH:0
end_of_record
TN:
SF:src/auth/auth.middleware.ts
FN:6,(anonymous_0)
FNF:1
FNH:0
FNDA:0,(anonymous_0)
DA:6,1
DA:11,0
DA:12,0
DA:14,0
DA:15,0
DA:19,0
DA:21,0
DA:22,0
DA:23,0
DA:38,0
DA:39,0
DA:43,0
DA:46,0
DA:47,0
DA:51,0
DA:53,0
DA:54,0
DA:55,0
DA:59,0
DA:62,0
DA:63,0
DA:67,0
DA:71,0
DA:73,0
DA:76,0
DA:77,0
DA:82,0
DA:85,0
DA:86,0
DA:91,0
DA:94,0
DA:95,0
DA:100,0
DA:103,0
LF:34
LH:1
BRDA:14,0,0,0
BRDA:14,0,1,0
BRDA:14,1,0,0
BRDA:14,1,1,0
BRDA:38,2,0,0
BRDA:38,2,1,0
BRDA:46,3,0,0
BRDA:46,3,1,0
BRDA:53,4,0,0
BRDA:53,4,1,0
BRDA:53,5,0,0
BRDA:53,5,1,0
BRDA:62,6,0,0
BRDA:62,6,1,0
BRDA:76,7,0,0
BRDA:76,7,1,0
BRDA:85,8,0,0
BRDA:85,8,1,0
BRDA:94,9,0,0
BRDA:94,9,1,0
BRF:20
BRH:0
end_of_record
TN:
SF:src/auth/auth.routes.ts
FNF:0
FNH:0
DA:18,1
DA:20,1
DA:21,1
DA:22,1
DA:23,1
DA:24,1
DA:25,1
DA:26,1
DA:27,1
DA:28,1
LF:10
LH:10
BRF:0
BRH:0
end_of_record
TN:
SF:src/auth/authorize.middleware.ts
FN:3,(anonymous_0)
FN:4,(anonymous_1)
FNF:2
FNH:1
FNDA:17,(anonymous_0)
FNDA:0,(anonymous_1)
DA:3,1
DA:4,17
DA:5,0
DA:6,0
DA:10,0
DA:13,0
LF:6
LH:2
BRDA:5,0,0,0
BRDA:5,0,1,0
BRDA:5,1,0,0
BRDA:5,1,1,0
BRF:4
BRH:0
end_of_record
TN:
SF:src/config/database.config.ts
FN:4,(anonymous_0)
FNF:1
FNH:1
FNDA:2,(anonymous_0)
DA:2,2
DA:4,2
DA:5,2
DA:9,2
DA:11,0
DA:12,0
DA:14,2
DA:15,2
DA:18,0
DA:19,0
DA:23,2
DA:24,0
DA:27,2
DA:28,0
DA:33,2
DA:36,2
LF:16
LH:10
BRDA:5,0,0,2
BRDA:5,0,1,0
BRDA:9,1,0,0
BRDA:9,1,1,2
BRDA:9,1,2,0
BRDA:9,1,3,0
BRDA:23,2,0,0
BRDA:23,2,1,2
BRDA:27,3,0,0
BRDA:27,3,1,2
BRDA:37,4,0,2
BRDA:37,4,1,0
BRDA:38,5,0,2
BRDA:38,5,1,0
BRDA:38,5,2,0
BRDA:39,6,0,2
BRDA:39,6,1,0
BRDA:40,7,0,2
BRDA:40,7,1,0
BRDA:41,8,0,2
BRDA:41,8,1,0
BRDA:42,9,0,2
BRDA:42,9,1,2
BRF:23
BRH:11
end_of_record
TN:
SF:src/config/index.ts
FNF:0
FNH:0
LF:0
LH:0
BRF:0
BRH:0
end_of_record
TN:
SF:src/controllers/approval.controller.ts
FN:8,(anonymous_0)
FN:52,(anonymous_1)
FN:68,(anonymous_2)
FN:111,(anonymous_3)
FN:127,(anonymous_4)
FN:163,(anonymous_5)
FNF:6
FNH:0
FNDA:0,(anonymous_0)
FNDA:0,(anonymous_1)
FNDA:0,(anonymous_2)
FNDA:0,(anonymous_3)
FNDA:0,(anonymous_4)
FNDA:0,(anonymous_5)
DA:8,1
DA:9,0
DA:10,0
DA:11,0
DA:13,0
DA:15,0
DA:16,0
DA:20,0
DA:23,0
DA:25,0
DA:27,0
DA:28,0
DA:32,0
DA:35,0
DA:43,0
DA:44,0
DA:45,0
DA:46,0
DA:52,0
DA:55,0
DA:64,0
DA:68,1
DA:69,0
DA:70,0
DA:71,0
DA:73,0
DA:75,0
DA:76,0
DA:80,0
DA:83,0
DA:85,0
DA:87,0
DA:88,0
DA:92,0
DA:95,0
DA:102,0
DA:103,0
DA:104,0
DA:105,0
DA:111,0
DA:114,0
DA:123,0
DA:127,1
DA:128,0
DA:129,0
DA:130,0
DA:132,0
DA:133,0
DA:134,0
DA:138,0
DA:141,0
DA:146,0
DA:153,0
DA:159,0
DA:163,1
DA:164,0
DA:165,0
DA:166,0
DA:168,0
DA:174,0
DA:181,0
DA:187,0
LF:62
LH:4
BRDA:15,0,0,0
BRDA:15,0,1,0
BRDA:27,1,0,0
BRDA:27,1,1,0
BRDA:28,2,0,0
BRDA:28,2,1,0
BRDA:43,3,0,0
BRDA:43,3,1,0
BRDA:45,4,0,0
BRDA:45,4,1,0
BRDA:48,5,0,0
BRDA:48,5,1,0
BRDA:75,6,0,0
BRDA:75,6,1,0
BRDA:87,7,0,0
BRDA:87,7,1,0
BRDA:88,8,0,0
BRDA:88,8,1,0
BRDA:102,9,0,0
BRDA:102,9,1,0
BRDA:104,10,0,0
BRDA:104,10,1,0
BRDA:107,11,0,0
BRDA:107,11,1,0
BRDA:133,12,0,0
BRDA:133,12,1,0
BRF:26
BRH:0
end_of_record
TN:
SF:src/controllers/department-manager.controller.ts
FN:4,(anonymous_0)
FN:96,(anonymous_1)
FN:142,(anonymous_2)
FN:186,(anonymous_3)
FNF:4
FNH:0
FNDA:0,(anonymous_0)
FNDA:0,(anonymous_1)
FNDA:0,(anonymous_2)
FNDA:0,(anonymous_3)
DA:4,1
DA:5,0
DA:6,0
DA:7,0
DA:10,0
DA:14,0
DA:15,0
DA:19,0
DA:23,0
DA:27,0
DA:28,0
DA:32,0
DA:35,0
DA:36,0
DA:40,0
DA:44,0
DA:53,0
DA:54,0
DA:58,0
DA:62,0
DA:86,0
DA:92,0
DA:96,1
DA:97,0
DA:98,0
DA:101,0
DA:114,0
DA:115,0
DA:119,0
DA:123,0
DA:132,0
DA:138,0
DA:142,1
DA:143,0
DA:144,0
DA:147,0
DA:151,0
DA:152,0
DA:156,0
DA:160,0
DA:178,0
DA:186,0
DA:193,0
LF:43
LH:3
BRDA:14,0,0,0
BRDA:14,0,1,0
BRDA:27,1,0,0
BRDA:27,1,1,0
BRDA:35,2,0,0
BRDA:35,2,1,0
BRDA:53,3,0,0
BRDA:53,3,1,0
BRDA:114,4,0,0
BRDA:114,4,1,0
BRDA:151,5,0,0
BRDA:151,5,1,0
BRF:12
BRH:0
end_of_record
TN:
SF:src/controllers/department.controller.ts
FN:5,(anonymous_0)
FN:34,(anonymous_1)
FN:50,(anonymous_2)
FN:72,(anonymous_3)
FN:109,(anonymous_4)
FNF:5
FNH:0
FNDA:0,(anonymous_0)
FNDA:0,(anonymous_1)
FNDA:0,(anonymous_2)
FNDA:0,(anonymous_3)
FNDA:0,(anonymous_4)
DA:5,1
DA:6,0
DA:7,0
DA:9,0
DA:11,0
DA:12,0
DA:16,0
DA:19,0
DA:24,0
DA:30,0
DA:34,1
DA:35,0
DA:36,0
DA:38,0
DA:40,0
DA:46,0
DA:50,1
DA:51,0
DA:52,0
DA:54,0
DA:55,0
DA:59,0
DA:62,0
DA:68,0
DA:72,1
DA:73,0
DA:74,0
DA:76,0
DA:77,0
DA:79,0
DA:80,0
DA:84,0
DA:88,0
DA:89,0
DA:90,0
DA:94,0
DA:97,0
DA:99,0
DA:105,0
DA:109,1
DA:110,0
DA:111,0
DA:113,0
DA:114,0
DA:118,0
DA:121,0
DA:123,0
DA:129,0
LF:48
LH:5
BRDA:11,0,0,0
BRDA:11,0,1,0
BRDA:54,1,0,0
BRDA:54,1,1,0
BRDA:76,2,0,0
BRDA:76,2,1,0
BRDA:79,3,0,0
BRDA:79,3,1,0
BRDA:89,4,0,0
BRDA:89,4,1,0
BRDA:113,5,0,0
BRDA:113,5,1,0
BRF:12
BRH:0
end_of_record
TN:
SF:src/controllers/notification.controller.ts
FN:4,(anonymous_0)
FN:27,(anonymous_1)
FN:51,(anonymous_2)
FN:65,(anonymous_3)
FNF:4
FNH:0
FNDA:0,(anonymous_0)
FNDA:0,(anonymous_1)
FNDA:0,(anonymous_2)
FNDA:0,(anonymous_3)
DA:4,1
DA:5,0
DA:6,0
DA:8,0
DA:17,0
DA:23,0
DA:27,1
DA:28,0
DA:29,0
DA:34,0
DA:35,0
DA:41,0
DA:47,0
DA:51,1
DA:52,0
DA:53,0
DA:55,0
DA:61,0
DA:65,1
DA:66,0
DA:67,0
DA:72,0
DA:73,0
DA:79,0
DA:85,0
LF:25
LH:4
BRDA:11,0,0,0
BRDA:11,0,1,0
BRDA:11,1,0,0
BRDA:11,1,1,0
BRDA:12,2,0,0
BRDA:12,2,1,0
BRDA:13,3,0,0
BRDA:13,3,1,0
BRDA:34,4,0,0
BRDA:34,4,1,0
BRDA:72,5,0,0
BRDA:72,5,1,0
BRF:12
BRH:0
end_of_record
TN:
SF:src/controllers/payment-method.controller.ts
FN:7,(anonymous_0)
FN:42,(anonymous_1)
FN:58,(anonymous_2)
FN:85,(anonymous_3)
FN:129,(anonymous_4)
FN:155,(anonymous_5)
FN:181,(anonymous_6)
FNF:7
FNH:0
FNDA:0,(anonymous_0)
FNDA:0,(anonymous_1)
FNDA:0,(anonymous_2)
FNDA:0,(anonymous_3)
FNDA:0,(anonymous_4)
FNDA:0,(anonymous_5)
FNDA:0,(anonymous_6)
DA:5,1
DA:7,1
DA:8,0
DA:9,0
DA:11,0
DA:22,0
DA:30,0
DA:31,0
DA:38,0
DA:42,1
DA:43,0
DA:44,0
DA:46,0
DA:54,0
DA:58,1
DA:59,0
DA:60,0
DA:62,0
DA:64,0
DA:65,0
DA:73,0
DA:81,0
DA:85,1
DA:86,0
DA:87,0
DA:88,0
DA:90,0
DA:101,0
DA:109,0
DA:110,0
DA:117,0
DA:118,0
DA:125,0
DA:129,1
DA:130,0
DA:131,0
DA:133,0
DA:135,0
DA:143,0
DA:144,0
DA:151,0
DA:155,1
DA:156,0
DA:157,0
DA:159,0
DA:161,0
DA:169,0
DA:170,0
DA:177,0
DA:181,1
DA:182,0
DA:183,0
DA:185,0
DA:186,0
DA:194,0
DA:202,0
LF:56
LH:8
BRDA:30,0,0,0
BRDA:30,0,1,0
BRDA:64,1,0,0
BRDA:64,1,1,0
BRDA:109,2,0,0
BRDA:109,2,1,0
BRDA:117,3,0,0
BRDA:117,3,1,0
BRDA:143,4,0,0
BRDA:143,4,1,0
BRDA:169,5,0,0
BRDA:169,5,1,0
BRDA:185,6,0,0
BRDA:185,6,1,0
BRF:14
BRH:0
end_of_record
TN:
SF:src/controllers/payment.controller.ts
FN:6,(anonymous_0)
FN:61,(anonymous_1)
FN:99,(anonymous_2)
FN:121,(anonymous_3)
FNF:4
FNH:0
FNDA:0,(anonymous_0)
FNDA:0,(anonymous_1)
FNDA:0,(anonymous_2)
FNDA:0,(anonymous_3)
DA:6,1
DA:7,0
DA:8,0
DA:9,0
DA:11,0
DA:13,0
DA:14,0
DA:18,0
DA:21,0
DA:23,0
DA:24,0
DA:28,0
DA:31,0
DA:33,0
DA:34,0
DA:38,0
DA:41,0
DA:48,0
DA:57,0
DA:61,1
DA:62,0
DA:63,0
DA:64,0
DA:66,0
DA:72,0
DA:77,0
DA:79,0
DA:86,0
DA:95,0
DA:99,1
DA:100,0
DA:101,0
DA:103,0
DA:104,0
DA:108,0
DA:111,0
DA:117,0
DA:121,1
DA:122,0
DA:123,0
DA:125,0
DA:127,0
DA:129,0
DA:136,0
DA:145,0
LF:45
LH:4
BRDA:13,0,0,0
BRDA:13,0,1,0
BRDA:23,1,0,0
BRDA:23,1,1,0
BRDA:33,2,0,0
BRDA:33,2,1,0
BRDA:68,3,0,0
BRDA:68,3,1,0
BRDA:69,4,0,0
BRDA:69,4,1,0
BRDA:103,5,0,0
BRDA:103,5,1,0
BRF:12
BRH:0
end_of_record
TN:
SF:src/controllers/request.controller.ts
FN:5,(anonymous_0)
FN:40,(anonymous_1)
FN:61,(anonymous_2)
FN:86,(anonymous_3)
FN:118,(anonymous_4)
FN:176,(anonymous_5)
FN:220,(anonymous_6)
FN:262,(anonymous_7)
FN:304,(anonymous_8)
FNF:9
FNH:0
FNDA:0,(anonymous_0)
FNDA:0,(anonymous_1)
FNDA:0,(anonymous_2)
FNDA:0,(anonymous_3)
FNDA:0,(anonymous_4)
FNDA:0,(anonymous_5)
FNDA:0,(anonymous_6)
FNDA:0,(anonymous_7)
FNDA:0,(anonymous_8)
DA:5,1
DA:6,0
DA:15,0
DA:17,0
DA:30,0
DA:36,0
DA:40,1
DA:41,0
DA:42,0
DA:43,0
DA:45,0
DA:51,0
DA:57,0
DA:61,1
DA:62,0
DA:63,0
DA:64,0
DA:69,0
DA:76,0
DA:82,0
DA:86,1
DA:87,0
DA:88,0
DA:90,0
DA:91,0
DA:95,0
DA:98,0
DA:100,0
DA:101,0
DA:105,0
DA:108,0
DA:114,0
DA:118,1
DA:119,0
DA:128,0
DA:130,0
DA:132,0
DA:133,0
DA:137,0
DA:140,0
DA:142,0
DA:143,0
DA:147,0
DA:150,0
DA:152,0
DA:153,0
DA:157,0
DA:160,0
DA:166,0
DA:172,0
DA:176,1
DA:177,0
DA:178,0
DA:180,0
DA:181,0
DA:185,0
DA:188,0
DA:190,0
DA:191,0
DA:195,0
DA:198,0
DA:200,0
DA:201,0
DA:205,0
DA:208,0
DA:210,0
DA:216,0
DA:220,1
DA:221,0
DA:222,0
DA:224,0
DA:225,0
DA:229,0
DA:232,0
DA:233,0
DA:237,0
DA:240,0
DA:242,0
DA:243,0
DA:247,0
DA:250,0
DA:252,0
DA:258,0
DA:262,1
DA:263,0
DA:264,0
DA:266,0
DA:267,0
DA:271,0
DA:274,0
DA:275,0
DA:279,0
DA:282,0
DA:284,0
DA:285,0
DA:289,0
DA:292,0
DA:294,0
DA:300,0
DA:304,1
DA:305,0
DA:306,0
DA:307,0
DA:309,0
DA:315,0
DA:321,0
LF:106
LH:9
BRDA:90,0,0,0
BRDA:90,0,1,0
BRDA:100,1,0,0
BRDA:100,1,1,0
BRDA:132,2,0,0
BRDA:132,2,1,0
BRDA:142,3,0,0
BRDA:142,3,1,0
BRDA:152,4,0,0
BRDA:152,4,1,0
BRDA:180,5,0,0
BRDA:180,5,1,0
BRDA:190,6,0,0
BRDA:190,6,1,0
BRDA:200,7,0,0
BRDA:200,7,1,0
BRDA:224,8,0,0
BRDA:224,8,1,0
BRDA:232,9,0,0
BRDA:232,9,1,0
BRDA:242,10,0,0
BRDA:242,10,1,0
BRDA:266,11,0,0
BRDA:266,11,1,0
BRDA:274,12,0,0
BRDA:274,12,1,0
BRDA:284,13,0,0
BRDA:284,13,1,0
BRF:28
BRH:0
end_of_record
TN:
SF:src/controllers/user.controller.ts
FN:5,(anonymous_0)
FN:35,(anonymous_1)
FN:57,(anonymous_2)
FN:96,(anonymous_3)
FN:138,(anonymous_4)
FN:162,(anonymous_5)
FNF:6
FNH:0
FNDA:0,(anonymous_0)
FNDA:0,(anonymous_1)
FNDA:0,(anonymous_2)
FNDA:0,(anonymous_3)
FNDA:0,(anonymous_4)
FNDA:0,(anonymous_5)
DA:5,1
DA:6,0
DA:7,0
DA:8,0
DA:10,0
DA:16,0
DA:18,0
DA:25,0
DA:31,0
DA:35,1
DA:36,0
DA:37,0
DA:39,0
DA:40,0
DA:44,0
DA:47,0
DA:53,0
DA:57,1
DA:58,0
DA:59,0
DA:61,0
DA:63,0
DA:64,0
DA:68,0
DA:71,0
DA:79,0
DA:85,0
DA:86,0
DA:90,0
DA:92,0
DA:96,1
DA:97,0
DA:98,0
DA:100,0
DA:101,0
DA:102,0
DA:103,0
DA:107,0
DA:111,0
DA:113,0
DA:114,0
DA:118,0
DA:121,0
DA:128,0
DA:134,0
DA:138,1
DA:139,0
DA:140,0
DA:142,0
DA:143,0
DA:147,0
DA:150,0
DA:152,0
DA:158,0
DA:162,1
DA:163,0
DA:164,0
DA:166,0
DA:168,0
DA:169,0
DA:173,0
DA:176,0
DA:178,0
DA:184,0
LF:64
LH:6
BRDA:12,0,0,0
BRDA:12,0,1,0
BRDA:12,1,0,0
BRDA:12,1,1,0
BRDA:39,2,0,0
BRDA:39,2,1,0
BRDA:63,3,0,0
BRDA:63,3,1,0
BRDA:85,4,0,0
BRDA:85,4,1,0
BRDA:85,5,0,0
BRDA:85,5,1,0
BRDA:100,6,0,0
BRDA:100,6,1,0
BRDA:102,7,0,0
BRDA:102,7,1,0
BRDA:113,8,0,0
BRDA:113,8,1,0
BRDA:142,9,0,0
BRDA:142,9,1,0
BRDA:168,10,0,0
BRDA:168,10,1,0
BRF:22
BRH:0
end_of_record
TN:
SF:src/middleware/errorHandler.ts
FN:3,(anonymous_0)
FN:44,(anonymous_1)
FNF:2
FNH:1
FNDA:0,(anonymous_0)
FNDA:1,(anonymous_1)
DA:3,1
DA:9,0
DA:10,0
DA:11,0
DA:13,0
DA:14,0
DA:15,0
DA:18,0
DA:19,0
DA:20,0
DA:23,0
DA:24,0
DA:27,0
DA:33,0
DA:34,0
DA:37,0
DA:38,0
DA:41,0
DA:44,1
DA:45,1
LF:20
LH:3
BRDA:9,0,0,0
BRDA:9,0,1,0
BRDA:10,1,0,0
BRDA:10,1,1,0
BRDA:13,2,0,0
BRDA:13,2,1,0
BRDA:18,3,0,0
BRDA:18,3,1,0
BRDA:23,4,0,0
BRDA:23,4,1,0
BRDA:33,5,0,0
BRDA:33,5,1,0
BRDA:37,6,0,0
BRDA:37,6,1,0
BRF:14
BRH:0
end_of_record
TN:
SF:src/middleware/loginLimitations.ts
FNF:0
FNH:0
DA:3,1
DA:17,1
DA:31,1
LF:3
LH:3
BRF:0
BRH:0
end_of_record
TN:
SF:src/middleware/validate.ts
FN:5,(anonymous_0)
FN:6,(anonymous_1)
FN:12,(anonymous_2)
FNF:3
FNH:1
FNDA:14,(anonymous_0)
FNDA:0,(anonymous_1)
FNDA:0,(anonymous_2)
DA:5,1
DA:6,14
DA:7,0
DA:9,0
DA:10,0
DA:12,0
DA:14,0
DA:17,0
LF:8
LH:2
BRDA:5,0,0,14
BRDA:9,1,0,0
BRDA:9,1,1,0
BRF:3
BRH:1
end_of_record
TN:
SF:src/routes/approval.routes.ts
FNF:0
FNH:0
DA:14,1
DA:16,1
DA:19,1
DA:22,1
DA:30,1
DA:38,1
LF:6
LH:6
BRF:0
BRH:0
end_of_record
TN:
SF:src/routes/department.routes.ts
FNF:0
FNH:0
DA:20,1
DA:22,1
DA:24,1
DA:31,1
DA:33,1
DA:35,1
DA:42,1
DA:45,1
DA:47,1
DA:53,1
LF:10
LH:10
BRF:0
BRH:0
end_of_record
TN:
SF:src/routes/index.ts
FNF:0
FNH:0
DA:12,1
DA:14,1
DA:15,1
DA:16,1
DA:17,1
DA:18,1
DA:19,1
DA:20,1
DA:21,1
LF:9
LH:9
BRF:0
BRH:0
end_of_record
TN:
SF:src/routes/notification.routes.ts
FNF:0
FNH:0
DA:10,1
DA:12,1
DA:14,1
DA:16,1
DA:18,1
DA:20,1
LF:6
LH:6
BRF:0
BRH:0
end_of_record
TN:
SF:src/routes/payment-method.routes.ts
FNF:0
FNH:0
DA:13,1
DA:16,1
DA:19,1
DA:22,1
DA:25,1
DA:28,1
DA:31,1
DA:34,1
DA:37,1
LF:9
LH:9
BRF:0
BRH:0
end_of_record
TN:
SF:src/routes/payment.routes.ts
FNF:0
FNH:0
DA:14,1
DA:16,1
DA:17,1
DA:19,1
DA:20,1
DA:21,1
DA:22,1
LF:7
LH:7
BRF:0
BRH:0
end_of_record
TN:
SF:src/routes/request.routes.ts
FNF:0
FNH:0
DA:19,1
DA:21,1
DA:24,1
DA:27,1
DA:30,1
DA:33,1
DA:40,1
DA:43,1
DA:46,1
DA:49,1
DA:52,1
LF:11
LH:11
BRF:0
BRH:0
end_of_record
TN:
SF:src/routes/user.routes.ts
FNF:0
FNH:0
DA:19,1
DA:21,1
DA:22,1
DA:23,1
DA:24,1
DA:25,1
DA:26,1
LF:7
LH:7
BRF:0
BRH:0
end_of_record
TN:
SF:src/services/approval.service.ts
FN:7,(anonymous_0)
FN:16,(anonymous_1)
FN:60,(anonymous_2)
FN:98,(anonymous_3)
FN:131,(anonymous_4)
FN:153,(anonymous_5)
FN:200,(anonymous_6)
FNF:7
FNH:0
FNDA:0,(anonymous_0)
FNDA:0,(anonymous_1)
FNDA:0,(anonymous_2)
FNDA:0,(anonymous_3)
FNDA:0,(anonymous_4)
FNDA:0,(anonymous_5)
FNDA:0,(anonymous_6)
DA:8,0
DA:9,0
DA:10,0
DA:11,0
DA:13,0
DA:22,0
DA:23,0
DA:24,0
DA:32,0
DA:33,0
DA:39,0
DA:40,0
DA:48,0
DA:49,0
DA:50,0
DA:57,0
DA:67,0
DA:77,0
DA:80,0
DA:86,0
DA:91,0
DA:104,0
DA:114,0
DA:120,0
DA:125,0
DA:135,0
DA:137,0
DA:150,0
DA:158,0
DA:159,0
DA:161,0
DA:164,0
DA:173,0
DA:176,0
DA:180,0
DA:183,0
DA:197,0
DA:205,0
DA:206,0
DA:212,0
DA:213,0
DA:214,0
DA:220,0
LF:43
LH:0
BRDA:8,0,0,0
BRDA:8,0,1,0
BRDA:10,1,0,0
BRDA:10,1,1,0
BRDA:22,2,0,0
BRDA:22,2,1,0
BRDA:23,3,0,0
BRDA:23,3,1,0
BRDA:32,4,0,0
BRDA:32,4,1,0
BRDA:39,5,0,0
BRDA:39,5,1,0
BRDA:39,6,0,0
BRDA:39,6,1,0
BRDA:48,7,0,0
BRDA:48,7,1,0
BRDA:49,8,0,0
BRDA:49,8,1,0
BRDA:72,9,0,0
BRDA:72,9,1,0
BRDA:109,10,0,0
BRDA:109,10,1,0
BRDA:161,11,0,0
BRDA:161,11,1,0
BRDA:173,12,0,0
BRDA:173,12,1,0
BRDA:205,13,0,0
BRDA:205,13,1,0
BRDA:205,14,0,0
BRDA:205,14,1,0
BRDA:213,15,0,0
BRDA:213,15,1,0
BRF:32
BRH:0
end_of_record
TN:
SF:src/services/department.service.ts
FN:5,(anonymous_0)
FN:20,(anonymous_1)
FN:26,(anonymous_2)
FN:41,(anonymous_3)
FN:64,(anonymous_4)
FN:78,(anonymous_5)
FNF:6
FNH:0
FNDA:0,(anonymous_0)
FNDA:0,(anonymous_1)
FNDA:0,(anonymous_2)
FNDA:0,(anonymous_3)
FNDA:0,(anonymous_4)
FNDA:0,(anonymous_5)
DA:6,0
DA:8,0
DA:17,0
DA:21,0
DA:27,0
DA:31,0
DA:34,0
DA:35,0
DA:38,0
DA:46,0
DA:54,0
DA:61,0
DA:68,0
DA:69,0
DA:70,0
DA:72,0
DA:79,0
LF:17
LH:0
BRDA:31,0,0,0
BRDA:31,0,1,0
BRDA:34,1,0,0
BRDA:34,1,1,0
BRDA:34,2,0,0
BRDA:34,2,1,0
BRDA:69,3,0,0
BRDA:69,3,1,0
BRDA:70,4,0,0
BRDA:70,4,1,0
BRF:10
BRH:0
end_of_record
TN:
SF:src/services/notification.service.ts
FN:8,(anonymous_0)
FN:33,(anonymous_1)
FN:39,(anonymous_2)
FN:56,(anonymous_3)
FN:70,(anonymous_4)
FN:74,(anonymous_5)
FN:112,(anonymous_6)
FN:125,(anonymous_7)
FN:132,(anonymous_8)
FNF:9
FNH:0
FNDA:0,(anonymous_0)
FNDA:0,(anonymous_1)
FNDA:0,(anonymous_2)
FNDA:0,(anonymous_3)
FNDA:0,(anonymous_4)
FNDA:0,(anonymous_5)
FNDA:0,(anonymous_6)
FNDA:0,(anonymous_7)
FNDA:0,(anonymous_8)
DA:15,0
DA:18,0
DA:28,0
DA:29,0
DA:39,0
DA:46,0
DA:47,0
DA:51,0
DA:52,0
DA:63,0
DA:70,0
DA:71,0
DA:79,0
DA:81,0
DA:82,0
DA:83,0
DA:86,0
DA:88,0
DA:95,0
DA:96,0
DA:100,0
DA:115,0
DA:120,0
DA:122,0
DA:126,0
DA:134,0
DA:138,0
DA:140,0
LF:28
LH:0
BRDA:74,0,0,0
BRDA:79,1,0,0
BRDA:79,2,0,0
BRDA:82,3,0,0
BRDA:82,3,1,0
BRDA:120,4,0,0
BRDA:120,4,1,0
BRDA:138,5,0,0
BRDA:138,5,1,0
BRF:9
BRH:0
end_of_record
TN:
SF:src/services/payment-method.service.ts
FN:6,(anonymous_0)
FN:56,(anonymous_1)
FN:78,(anonymous_2)
FN:111,(anonymous_3)
FN:125,(anonymous_4)
FN:128,(anonymous_5)
FN:140,(anonymous_6)
FN:183,(anonymous_7)
FN:202,(anonymous_8)
FN:227,(anonymous_9)
FNF:10
FNH:0
FNDA:0,(anonymous_0)
FNDA:0,(anonymous_1)
FNDA:0,(anonymous_2)
FNDA:0,(anonymous_3)
FNDA:0,(anonymous_4)
FNDA:0,(anonymous_5)
FNDA:0,(anonymous_6)
FNDA:0,(anonymous_7)
FNDA:0,(anonymous_8)
FNDA:0,(anonymous_9)
DA:10,0
DA:12,0
DA:13,0
DA:18,0
DA:21,0
DA:22,0
DA:28,0
DA:29,0
DA:30,0
DA:35,0
DA:38,0
DA:39,0
DA:44,0
DA:47,0
DA:53,0
DA:57,0
DA:59,0
DA:60,0
DA:61,0
DA:64,0
DA:65,0
DA:66,0
DA:67,0
DA:70,0
DA:71,0
DA:72,0
DA:75,0
DA:80,0
DA:81,0
DA:82,0
DA:86,0
DA:87,0
DA:94,0
DA:108,0
DA:112,0
DA:113,0
DA:114,0
DA:117,0
DA:125,0
DA:129,0
DA:133,0
DA:134,0
DA:137,0
DA:142,0
DA:146,0
DA:147,0
DA:151,0
DA:152,0
DA:153,0
DA:154,0
DA:159,0
DA:160,0
DA:166,0
DA:180,0
DA:185,0
DA:189,0
DA:190,0
DA:194,0
DA:199,0
DA:204,0
DA:208,0
DA:209,0
DA:213,0
DA:219,0
DA:224,0
DA:228,0
DA:232,0
DA:233,0
DA:236,0
LF:69
LH:0
BRDA:10,0,0,0
BRDA:10,0,1,0
BRDA:10,0,2,0
BRDA:10,0,3,0
BRDA:12,1,0,0
BRDA:12,1,1,0
BRDA:12,2,0,0
BRDA:12,2,1,0
BRDA:12,2,2,0
BRDA:21,3,0,0
BRDA:21,3,1,0
BRDA:29,4,0,0
BRDA:29,4,1,0
BRDA:38,5,0,0
BRDA:38,5,1,0
BRDA:38,6,0,0
BRDA:38,6,1,0
BRDA:59,7,0,0
BRDA:59,7,1,0
BRDA:64,8,0,0
BRDA:64,8,1,0
BRDA:70,9,0,0
BRDA:70,9,1,0
BRDA:81,10,0,0
BRDA:81,10,1,0
BRDA:86,11,0,0
BRDA:86,11,1,0
BRDA:104,12,0,0
BRDA:104,12,1,0
BRDA:111,13,0,0
BRDA:113,14,0,0
BRDA:113,14,1,0
BRDA:133,15,0,0
BRDA:133,15,1,0
BRDA:146,16,0,0
BRDA:146,16,1,0
BRDA:151,17,0,0
BRDA:151,17,1,0
BRDA:151,18,0,0
BRDA:151,18,1,0
BRDA:153,19,0,0
BRDA:153,19,1,0
BRDA:159,20,0,0
BRDA:159,20,1,0
BRDA:189,21,0,0
BRDA:189,21,1,0
BRDA:208,22,0,0
BRDA:208,22,1,0
BRDA:232,23,0,0
BRDA:232,23,1,0
BRF:50
BRH:0
end_of_record
TN:
SF:src/services/payment.service.ts
FN:7,(anonymous_0)
FN:28,(anonymous_1)
FN:34,(anonymous_2)
FN:68,(anonymous_3)
FN:107,(anonymous_4)
FN:122,(anonymous_5)
FN:142,(anonymous_6)
FN:143,(anonymous_7)
FN:146,(anonymous_8)
FN:147,(anonymous_9)
FNF:10
FNH:0
FNDA:0,(anonymous_0)
FNDA:0,(anonymous_1)
FNDA:0,(anonymous_2)
FNDA:0,(anonymous_3)
FNDA:0,(anonymous_4)
FNDA:0,(anonymous_5)
FNDA:0,(anonymous_6)
FNDA:0,(anonymous_7)
FNDA:0,(anonymous_8)
FNDA:0,(anonymous_9)
DA:11,0
DA:12,0
DA:18,0
DA:19,0
DA:25,0
DA:29,0
DA:41,0
DA:51,0
DA:57,0
DA:62,0
DA:76,0
DA:77,0
DA:79,0
DA:80,0
DA:83,0
DA:84,0
DA:85,0
DA:86,0
DA:88,0
DA:89,0
DA:93,0
DA:104,0
DA:108,0
DA:123,0
DA:125,0
DA:139,0
DA:143,0
DA:147,0
LF:28
LH:0
BRDA:11,0,0,0
BRDA:11,0,1,0
BRDA:18,1,0,0
BRDA:18,1,1,0
BRDA:79,2,0,0
BRDA:79,2,1,0
BRDA:83,3,0,0
BRDA:83,3,1,0
BRDA:83,4,0,0
BRDA:83,4,1,0
BRDA:85,5,0,0
BRDA:85,5,1,0
BRDA:88,6,0,0
BRDA:88,6,1,0
BRF:14
BRH:0
end_of_record
TN:
SF:src/services/request.service.ts
FN:7,(anonymous_0)
FN:52,(anonymous_1)
FN:78,(anonymous_2)
FN:117,(anonymous_3)
FN:133,(anonymous_4)
FN:145,(anonymous_5)
FN:168,(anonymous_6)
FN:211,(anonymous_7)
FN:217,(anonymous_8)
FN:228,(anonymous_9)
FN:239,(anonymous_10)
FNF:11
FNH:0
FNDA:0,(anonymous_0)
FNDA:0,(anonymous_1)
FNDA:0,(anonymous_2)
FNDA:0,(anonymous_3)
FNDA:0,(anonymous_4)
FNDA:0,(anonymous_5)
FNDA:0,(anonymous_6)
FNDA:0,(anonymous_7)
FNDA:0,(anonymous_8)
FNDA:0,(anonymous_9)
FNDA:0,(anonymous_10)
DA:21,0
DA:25,0
DA:42,0
DA:43,0
DA:44,0
DA:45,0
DA:49,0
DA:57,0
DA:58,0
DA:60,0
DA:61,0
DA:64,0
DA:75,0
DA:87,0
DA:88,0
DA:91,0
DA:92,0
DA:95,0
DA:96,0
DA:99,0
DA:100,0
DA:103,0
DA:114,0
DA:118,0
DA:126,0
DA:127,0
DA:130,0
DA:137,0
DA:138,0
DA:139,0
DA:140,0
DA:142,0
DA:149,0
DA:156,0
DA:158,0
DA:159,0
DA:165,0
DA:181,0
DA:184,0
DA:185,0
DA:186,0
DA:190,0
DA:201,0
DA:212,0
DA:218,0
DA:229,0
DA:244,0
DA:245,0
DA:247,0
DA:248,0
DA:251,0
DA:262,0
LF:52
LH:0
BRDA:21,0,0,0
BRDA:21,0,1,0
BRDA:42,1,0,0
BRDA:42,1,1,0
BRDA:42,2,0,0
BRDA:42,2,1,0
BRDA:44,3,0,0
BRDA:44,3,1,0
BRDA:44,4,0,0
BRDA:44,4,1,0
BRDA:60,5,0,0
BRDA:60,5,1,0
BRDA:91,6,0,0
BRDA:91,6,1,0
BRDA:95,7,0,0
BRDA:95,7,1,0
BRDA:99,8,0,0
BRDA:99,8,1,0
BRDA:126,9,0,0
BRDA:126,9,1,0
BRDA:126,10,0,0
BRDA:126,10,1,0
BRDA:126,10,2,0
BRDA:126,10,3,0
BRDA:138,11,0,0
BRDA:138,11,1,0
BRDA:142,12,0,0
BRDA:142,12,1,0
BRDA:142,12,2,0
BRDA:142,12,3,0
BRDA:156,13,0,0
BRDA:156,13,1,0
BRDA:158,14,0,0
BRDA:158,14,1,0
BRDA:184,15,0,0
BRDA:184,15,1,0
BRDA:185,16,0,0
BRDA:185,16,1,0
BRDA:247,17,0,0
BRDA:247,17,1,0
BRF:40
BRH:0
end_of_record
TN:
SF:src/services/user.service.ts
FN:6,(anonymous_0)
FN:52,(anonymous_1)
FN:68,(anonymous_2)
FN:83,(anonymous_3)
FN:89,(anonymous_4)
FN:123,(anonymous_5)
FN:144,(anonymous_6)
FN:153,(anonymous_7)
FNF:8
FNH:0
FNDA:0,(anonymous_0)
FNDA:0,(anonymous_1)
FNDA:0,(anonymous_2)
FNDA:0,(anonymous_3)
FNDA:0,(anonymous_4)
FNDA:0,(anonymous_5)
FNDA:0,(anonymous_6)
FNDA:0,(anonymous_7)
DA:14,0
DA:15,0
DA:17,0
DA:18,0
DA:21,0
DA:22,0
DA:25,0
DA:26,0
DA:29,0
DA:49,0
DA:53,0
DA:69,0
DA:73,0
DA:76,0
DA:77,0
DA:80,0
DA:84,0
DA:97,0
DA:99,0
DA:100,0
DA:104,0
DA:107,0
DA:119,0
DA:120,0
DA:129,0
DA:130,0
DA:131,0
DA:132,0
DA:133,0
DA:135,0
DA:140,0
DA:141,0
DA:145,0
DA:149,0
DA:150,0
DA:154,0
DA:156,0
DA:161,0
DA:162,0
LF:39
LH:0
BRDA:17,0,0,0
BRDA:17,0,1,0
BRDA:21,1,0,0
BRDA:21,1,1,0
BRDA:25,2,0,0
BRDA:25,2,1,0
BRDA:73,3,0,0
BRDA:73,3,1,0
BRDA:76,4,0,0
BRDA:76,4,1,0
BRDA:76,5,0,0
BRDA:76,5,1,0
BRDA:99,6,0,0
BRDA:99,6,1,0
BRDA:112,7,0,0
BRDA:112,7,1,0
BRDA:114,8,0,0
BRDA:114,8,1,0
BRDA:130,9,0,0
BRDA:130,9,1,0
BRDA:131,10,0,0
BRDA:131,10,1,0
BRDA:132,11,0,0
BRDA:132,11,1,0
BRDA:133,12,0,0
BRDA:133,12,1,0
BRF:26
BRH:0
end_of_record
TN:
SF:src/types/payment-method.interface.ts
FNF:0
FNH:0
LF:0
LH:0
BRF:0
BRH:0
end_of_record
TN:
SF:src/types/request.interface.ts
FNF:0
FNH:0
LF:0
LH:0
BRF:0
BRH:0
end_of_record
TN:
SF:src/types/user.interface.ts
FNF:0
FNH:0
LF:0
LH:0
BRF:0
BRH:0
end_of_record
TN:
SF:src/utils/ResponseService.ts
FN:13,(anonymous_0)
FNF:1
FNH:0
FNDA:0,(anonymous_0)
DA:13,2
DA:21,0
DA:22,0
DA:23,0
DA:25,0
DA:26,0
DA:27,0
DA:30,0
LF:8
LH:1
BRDA:16,0,0,0
BRDA:17,1,0,0
BRDA:18,2,0,0
BRDA:21,3,0,0
BRDA:21,3,1,0
BRDA:21,4,0,0
BRDA:21,4,1,0
BRDA:25,5,0,0
BRDA:25,5,1,0
BRDA:25,6,0,0
BRDA:25,6,1,0
BRF:11
BRH:0
end_of_record
TN:
SF:src/utils/Security.ts
FN:5,(anonymous_0)
FN:13,(anonymous_1)
FN:19,(anonymous_2)
FN:24,(anonymous_3)
FN:33,(anonymous_4)
FN:46,(anonymous_5)
FN:54,(anonymous_6)
FN:61,(anonymous_7)
FNF:8
FNH:4
FNDA:5,(anonymous_0)
FNDA:2,(anonymous_1)
FNDA:1,(anonymous_2)
FNDA:1,(anonymous_3)
FNDA:0,(anonymous_4)
FNDA:0,(anonymous_5)
FNDA:0,(anonymous_6)
FNDA:0,(anonymous_7)
DA:5,2
DA:6,5
DA:13,2
DA:15,2
DA:19,2
DA:21,1
DA:22,1
DA:24,2
DA:25,1
DA:33,2
DA:34,0
DA:39,0
DA:46,2
DA:47,0
DA:54,2
DA:55,0
DA:61,2
DA:62,0
LF:18
LH:13
BRF:0
BRH:0
end_of_record
TN:
SF:src/utils/email.service.ts
FN:12,(anonymous_0)
FNF:1
FNH:0
FNDA:0,(anonymous_0)
DA:4,1
DA:12,1
DA:13,0
DA:14,0
DA:22,0
DA:23,0
DA:24,0
DA:26,0
DA:27,0
LF:9
LH:2
BRF:0
BRH:0
end_of_record
TN:
SF:src/utils/email.templates.ts
FN:1,(anonymous_0)
FNF:1
FNH:0
FNDA:0,(anonymous_0)
DA:1,1
DA:2,0
DA:4,0
LF:3
LH:1
BRDA:102,0,0,0
BRDA:102,0,1,0
BRDA:102,1,0,0
BRDA:102,1,1,0
BRF:4
BRH:0
end_of_record
TN:
SF:src/utils/logger.ts
FN:19,(anonymous_0)
FN:36,(anonymous_1)
FN:53,(anonymous_2)
FN:142,(anonymous_3)
FN:156,(anonymous_4)
FNF:5
FNH:2
FNDA:2,(anonymous_0)
FNDA:0,(anonymous_1)
FNDA:2,(anonymous_2)
FNDA:0,(anonymous_3)
FNDA:0,(anonymous_4)
DA:4,1
DA:6,1
DA:19,1
DA:20,2
DA:22,2
DA:24,0
DA:27,2
DA:28,0
DA:31,2
DA:32,2
DA:34,2
DA:36,0
DA:37,0
DA:40,0
DA:41,0
DA:43,0
DA:47,2
DA:50,0
DA:53,1
DA:55,2
DA:57,2
DA:58,0
DA:61,2
DA:63,2
DA:64,0
DA:67,2
DA:68,2
DA:69,0
DA:72,2
DA:75,1
DA:95,1
DA:96,0
DA:105,0
DA:114,1
DA:132,1
DA:133,0
DA:142,1
DA:147,0
DA:156,1
DA:157,0
LF:40
LH:24
BRDA:20,0,0,0
BRDA:20,0,1,2
BRDA:20,1,0,2
BRDA:20,1,1,2
BRDA:22,2,0,0
BRDA:22,2,1,2
BRDA:24,3,0,0
BRDA:24,3,1,0
BRDA:27,4,0,0
BRDA:27,4,1,2
BRDA:31,5,0,2
BRDA:31,5,1,0
BRDA:40,6,0,0
BRDA:40,6,1,0
BRDA:57,7,0,0
BRDA:57,7,1,2
BRDA:63,8,0,0
BRDA:63,8,1,2
BRDA:68,9,0,0
BRDA:68,9,1,2
BRDA:76,10,0,0
BRDA:76,10,1,1
BRDA:95,11,0,0
BRDA:95,11,1,1
BRDA:132,12,0,0
BRDA:132,12,1,1
BRDA:149,13,0,0
BRDA:149,13,1,0
BRDA:152,14,0,0
BRDA:152,14,1,0
BRF:30
BRH:12
end_of_record
TN:
SF:src/utils/pagination.ts
FN:18,(anonymous_0)
FN:35,(anonymous_1)
FNF:2
FNH:0
FNDA:0,(anonymous_0)
FNDA:0,(anonymous_1)
DA:18,1
DA:23,0
DA:24,0
DA:26,0
DA:27,0
DA:30,0
DA:32,0
DA:35,1
DA:41,0
DA:43,0
LF:10
LH:2
BRDA:20,0,0,0
BRDA:21,1,0,0
BRDA:23,2,0,0
BRDA:23,2,1,0
BRDA:24,3,0,0
BRDA:24,3,1,0
BRDA:26,4,0,0
BRDA:26,4,1,0
BRF:8
BRH:0
end_of_record
TN:
SF:src/utils/prisma.ts
FN:4,(anonymous_0)
FNF:1
FNH:1
FNDA:1,(anonymous_0)
DA:4,1
DA:5,1
DA:19,1
DA:23,1
LF:4
LH:4
BRDA:6,0,0,0
BRDA:6,0,1,1
BRDA:19,1,0,1
BRDA:19,1,1,1
BRDA:23,2,0,1
BRDA:23,2,1,0
BRF:6
BRH:4
end_of_record
TN:
SF:src/utils/queryHelpers.ts
FN:3,(anonymous_0)
FN:6,(anonymous_1)
FN:15,(anonymous_2)
FN:35,(anonymous_3)
FN:44,(anonymous_4)
FN:50,(anonymous_5)
FN:63,(anonymous_6)
FN:72,(anonymous_7)
FN:76,(anonymous_8)
FN:83,(anonymous_9)
FN:86,(anonymous_10)
FN:100,(anonymous_11)
FN:137,(anonymous_12)
FN:156,(anonymous_13)
FNF:14
FNH:0
FNDA:0,(anonymous_0)
FNDA:0,(anonymous_1)
FNDA:0,(anonymous_2)
FNDA:0,(anonymous_3)
FNDA:0,(anonymous_4)
FNDA:0,(anonymous_5)
FNDA:0,(anonymous_6)
FNDA:0,(anonymous_7)
FNDA:0,(anonymous_8)
FNDA:0,(anonymous_9)
FNDA:0,(anonymous_10)
FNDA:0,(anonymous_11)
FNDA:0,(anonymous_12)
FNDA:0,(anonymous_13)
DA:3,1
DA:4,0
DA:6,0
DA:7,0
DA:8,0
DA:12,0
DA:15,1
DA:20,0
DA:22,0
DA:23,0
DA:24,0
DA:25,0
DA:27,0
DA:28,0
DA:32,0
DA:35,1
DA:39,0
DA:40,0
DA:43,0
DA:44,0
DA:50,1
DA:54,0
DA:55,0
DA:57,0
DA:63,1
DA:67,0
DA:72,1
DA:73,0
DA:76,1
DA:77,0
DA:83,1
DA:84,0
DA:86,0
DA:87,0
DA:88,0
DA:96,0
DA:100,1
DA:101,0
DA:103,0
DA:104,0
DA:114,0
DA:115,0
DA:134,0
DA:137,1
DA:156,1
LF:45
LH:11
BRDA:7,0,0,0
BRDA:7,0,1,0
BRDA:7,1,0,0
BRDA:7,1,1,0
BRDA:7,1,2,0
BRDA:18,2,0,0
BRDA:22,3,0,0
BRDA:22,3,1,0
BRDA:22,4,0,0
BRDA:22,4,1,0
BRDA:24,5,0,0
BRDA:24,5,1,0
BRDA:27,6,0,0
BRDA:27,6,1,0
BRDA:39,7,0,0
BRDA:39,7,1,0
BRDA:39,8,0,0
BRDA:39,8,1,0
BRDA:51,9,0,0
BRDA:52,10,0,0
BRDA:64,11,0,0
BRDA:65,12,0,0
BRDA:68,13,0,0
BRDA:68,13,1,0
BRDA:84,14,0,0
BRDA:84,14,1,0
BRDA:87,15,0,0
BRDA:87,15,1,0
BRDA:87,16,0,0
BRDA:87,16,1,0
BRDA:87,16,2,0
BRDA:100,17,0,0
BRDA:100,18,0,0
BRDA:103,19,0,0
BRDA:103,19,1,0
BRDA:114,20,0,0
BRDA:114,20,1,0
BRF:37
BRH:0
end_of_record
TN:
SF:src/validator/approval.validation.ts
FNF:0
FNH:0
DA:3,1
LF:1
LH:1
BRF:0
BRH:0
end_of_record
TN:
SF:src/validator/department.validation.ts
FNF:0
FNH:0
DA:3,1
DA:9,1
LF:2
LH:2
BRF:0
BRH:0
end_of_record
TN:
SF:src/validator/payment.validation.ts
FNF:0
FNH:0
DA:3,1
LF:1
LH:1
BRF:0
BRH:0
end_of_record
TN:
SF:src/validator/request.validation.ts
FNF:0
FNH:0
DA:3,1
DA:13,1
DA:26,1
LF:3
LH:3
BRF:0
BRH:0
end_of_record
TN:
SF:src/validator/user.validation.ts
FNF:0
FNH:0
DA:3,1
DA:13,1
DA:22,1
DA:37,1
DA:44,1
DA:54,1
DA:68,1
DA:78,1
LF:8
LH:8
BRF:0
BRH:0
end_of_record
